14:23:11.797 [main                     ] DEBUG Logger               - Configured Logger
14:23:11.809 [main                     ] DEBUG GameApplication      - Logging settings
Title: Prince of Jank
Version: 0.1.1
Width: 1920
Height: 1080
Fullscreen: false
Intro: false
Profiling: false
Single step:false
App Mode: DEVELOPER
Menu Key: ESCAPE
Stage Style: DECORATED
Scene Factory: class com.almasb.fxgl.app.scene.SceneFactory

14:23:12.180 [JavaFX Application Thread] DEBUG FXGLApplication      - Initializing FXGL
14:23:12.182 [JavaFX Application Thread] INFO  Engine               - FXGL-11.14 (01.03.2021 16.59) on WINDOWS (J:15.0.2 FX:15)
14:23:12.182 [JavaFX Application Thread] DEBUG Engine               - JRE Vendor Name: Oracle Corporation
14:23:12.182 [JavaFX Application Thread] DEBUG Engine               - Running on OS: Windows 10 version 10.0
14:23:12.182 [JavaFX Application Thread] DEBUG Engine               - Architecture: amd64
14:23:12.182 [JavaFX Application Thread] INFO  Engine               - Source code and latest versions at: https://github.com/AlmasB/FXGL
14:23:12.183 [JavaFX Application Thread] INFO  Engine               -              Join the FXGL chat at: https://gitter.im/AlmasB/FXGL
14:23:12.277 [JavaFX Application Thread] DEBUG PrimaryStageWindow   - Creating a JavaFX scene
14:23:12.319 [JavaFX Application Thread] DEBUG PrimaryStageWindow   - Target settings size: 1920.0 x 1080.0
14:23:12.320 [JavaFX Application Thread] DEBUG PrimaryStageWindow   - Scaled scene size:    1920.0 x 1080.0
14:23:12.320 [JavaFX Application Thread] DEBUG PrimaryStageWindow   - Scaled ratio: (1.0, 1.0)
14:23:12.321 [JavaFX Application Thread] DEBUG PrimaryStageWindow   - Set initial scene to FXGLStartupScene
14:23:12.326 [JavaFX Application Thread] DEBUG PrimaryStageWindow   - Opening main window
14:23:12.394 [JavaFX Application Thread] DEBUG PrimaryStageWindow   - Window border size: (16.0, 39.0)
14:23:12.394 [JavaFX Application Thread] DEBUG PrimaryStageWindow   - Scaled size: 1920.0 x 1080.0
14:23:12.394 [JavaFX Application Thread] DEBUG PrimaryStageWindow   - Scaled ratio: (1.0, 1.0)
14:23:12.394 [JavaFX Application Thread] DEBUG PrimaryStageWindow   - Scene size: 1920.0 x 1080.0
14:23:12.394 [JavaFX Application Thread] DEBUG PrimaryStageWindow   - Stage size: 1936.0 x 1119.0
14:23:12.399 [FXGL Background Thread 1 ] DEBUG Engine               - Initializing environment variables
14:23:12.421 [FXGL Background Thread 1 ] DEBUG FXGLAssetLoaderServi - User app class for loading assets: class Game
14:23:12.422 [FXGL Background Thread 1 ] DEBUG GameApplicationServi - Applying CSS: fxgl_dark.css
14:23:12.422 [FXGL Background Thread 1 ] DEBUG FXGLAssetLoaderServi - Loading from file system: jar:file:/C:/Users/Lucas/.m2/repository/com/github/almasb/fxgl/11.14/fxgl-11.14.jar!/fxglassets/ui/css/fxgl_dark.css
14:23:12.454 [FXGL Background Thread 1 ] DEBUG GameApplicationServi - Initializing application scenes
14:23:12.478 [FXGL Background Thread 1 ] DEBUG GameWorld            - Game world initialized
14:23:12.521 [FXGL Background Thread 1 ] DEBUG PhysicsWorld         - Physics world initialized: appHeight=1080, physics.ppm=50,0
14:23:12.521 [FXGL Background Thread 1 ] DEBUG PhysicsWorld         - Using strategy: BRUTE_FORCE
14:23:12.523 [FXGL Background Thread 1 ] DEBUG GameScene            - Game scene initialized: 1920x1080
14:23:12.554 [FXGL Background Thread 1 ] DEBUG FXGLAssetLoaderServi - Loading from file system: jar:file:/C:/Users/Lucas/.m2/repository/com/github/almasb/fxgl/11.14/fxgl-11.14.jar!/fxglassets/textures/particles/trace_horizontal.png
14:23:12.595 [FXGL Background Thread 1 ] DEBUG FXGL.DefaultMenu     - createMenuBodyGameMenu()
14:23:12.608 [FXGL Background Thread 1 ] DEBUG FXGL.DefaultMenu     - createOptionsMenu()
14:23:12.612 [FXGL Background Thread 1 ] DEBUG FXGLAssetLoaderServi - Loading from file system: jar:file:/C:/Users/Lucas/.m2/repository/com/github/almasb/fxgl/11.14/fxgl-11.14.jar!/fxglassets/textures/particles/smoke.png
14:23:12.651 [FXGL Background Thread 1 ] DEBUG GameApplicationServi - Application scenes initialized
14:23:12.659 [FXGL Background Thread 1 ] DEBUG SystemBundleService  - Loading FXGL system data
14:23:12.662 [FXGL Background Thread 1 ] DEBUG FileSystemAccess     - Reading from: C:\Users\Lucas\IdeaProjects\ipop\system\fxgl.bundle
14:23:12.666 [FXGL Background Thread 1 ] DEBUG SystemBundleService  - Bundle FXGL: {}
14:23:12.666 [FXGL Background Thread 1 ] DEBUG UpdaterService       - Checking for updates
14:23:12.670 [FXGL Background Thread 4 ] DEBUG FXGLApplication      - Loading fonts
14:23:12.670 [FXGL Background Thread 1 ] DEBUG FXGLApplication      - Loading default localization
14:23:12.671 [FXGL Background Thread 4 ] DEBUG FXGLAssetLoaderServi - Loading from file system: jar:file:/C:/Users/Lucas/.m2/repository/com/github/almasb/fxgl/11.14/fxgl-11.14.jar!/fxglassets/ui/fonts/VarelaRound-Regular.ttf
14:23:12.671 [FXGL Background Thread 1 ] DEBUG FXGLAssetLoaderServi - Loading from file system: jar:file:/C:/Users/Lucas/.m2/repository/com/github/almasb/fxgl/11.14/fxgl-11.14.jar!/fxglassets/languages/english.lang
14:23:12.684 [FXGL Background Thread 1 ] INFO  FXGLApplication      - FXGL initialization took: 0,284 sec
14:23:12.693 [JavaFX Application Thread] DEBUG Input                - Registered new binding: action0 - D
14:23:12.693 [JavaFX Application Thread] DEBUG Input                - Registered new binding: action1 - A
14:23:12.693 [JavaFX Application Thread] DEBUG Input                - Registered new binding: action2 - S
14:23:12.694 [JavaFX Application Thread] DEBUG Input                - Registered new binding: action3 - W
14:23:12.694 [JavaFX Application Thread] DEBUG FXGLAssetLoaderServi - Loading from file system: jar:file:/C:/Users/Lucas/.m2/repository/com/github/almasb/fxgl/11.14/fxgl-11.14.jar!/fxglassets/textures/fxgl_icon.png
14:23:12.714 [JavaFX Application Thread] DEBUG FXGLAssetLoaderServi - Loading from file system: jar:file:/C:/Users/Lucas/.m2/repository/com/github/almasb/fxgl/11.14/fxgl-11.14.jar!/fxglassets/ui/cursors/fxgl_default.png
14:23:12.716 [JavaFX Application Thread] DEBUG Input                - Registered new binding: Screenshot - P
14:23:12.716 [JavaFX Application Thread] DEBUG Input                - Registered new binding: System info dump - CTRL+9
14:23:12.717 [JavaFX Application Thread] DEBUG Input                - Registered new binding: Restart - CTRL+R
14:23:12.718 [JavaFX Application Thread] DEBUG Input                - Registered new binding: Toggle Debug Camera - CTRL+C
14:23:12.720 [FXGL Background Thread 4 ] DEBUG FXGLAssetLoaderServi - Loading from file system: jar:file:/C:/Users/Lucas/.m2/repository/com/github/almasb/fxgl/11.14/fxgl-11.14.jar!/fxglassets/ui/fonts/Abel-Regular.ttf
14:23:12.721 [JavaFX Application Thread] DEBUG LoopRunner           - Starting loop
14:23:12.721 [JavaFX Application Thread] DEBUG LoopRunner           - Initializing JavaFX AnimationTimerLoop
14:23:12.722 [JavaFX Application Thread] DEBUG GameApplicationServi - Starting new game
14:23:12.722 [JavaFX Application Thread] DEBUG Input                - Clearing active input actions
14:23:12.723 [FXGL Background Thread 4 ] DEBUG FXGLAssetLoaderServi - Loading from file system: jar:file:/C:/Users/Lucas/.m2/repository/com/github/almasb/fxgl/11.14/fxgl-11.14.jar!/fxglassets/ui/fonts/lucida_console.ttf
14:23:12.729 [FXGL Background Thread 4 ] DEBUG FXGLAssetLoaderServi - Loading from file system: jar:file:/C:/Users/Lucas/.m2/repository/com/github/almasb/fxgl/11.14/fxgl-11.14.jar!/fxglassets/ui/fonts/Courier-Prime.ttf
14:23:12.734 [JavaFX Application Thread] DEBUG GameApplicationServi - Removing overlay from FXGLStartupScene and adding to FXGLLoadingScene
14:23:12.734 [JavaFX Application Thread] DEBUG PrimaryStageWindow   - FXGLStartupScene -> FXGLLoadingScene
14:23:12.735 [JavaFX Application Thread] DEBUG GameApplicationServi - Clearing previous game
14:23:12.735 [JavaFX Application Thread] DEBUG GameScene            - Clearing game scene
14:23:12.735 [JavaFX Application Thread] DEBUG GameWorld            - Clearing game world
14:23:12.735 [JavaFX Application Thread] DEBUG PhysicsWorld         - Clearing physics world
14:23:12.736 [FXGL Background Thread 4 ] DEBUG FXGLApplication      - Initializing game
14:23:12.738 [FXGL Background Thread 4 ] WARN  FXGLAssetLoaderServi - Asset "/assets/textures/player.png" was not found!
14:23:12.738 [FXGL Background Thread 4 ] WARN  FXGLAssetLoaderServi - Failed to load IMAGE
14:23:12.764 [JavaFX Application Thread] DEBUG FXGLApplication      - Registering font factories with UI factory
14:23:12.833 [FXGL Background Thread 4 ] WARN  FXGLAssetLoaderServi - Asset "/assets/textures/tool.png" was not found!
14:23:12.834 [FXGL Background Thread 4 ] WARN  FXGLAssetLoaderServi - Failed to load IMAGE
14:23:12.838 [FXGL Background Thread 4 ] INFO  FXGLApplication      - Game initialization took: 0,102 sec
14:23:12.845 [JavaFX Application Thread] DEBUG Input                - Clearing active input actions
14:23:12.856 [JavaFX Application Thread] DEBUG GameApplicationServi - Removing overlay from FXGLLoadingScene and adding to GameScene
14:23:12.857 [JavaFX Application Thread] DEBUG PrimaryStageWindow   - FXGLLoadingScene -> GameScene
14:23:14.940 [JavaFX Application Thread] DEBUG FXGLApplication      - Exiting FXGL
14:23:14.941 [JavaFX Application Thread] DEBUG LoopRunner           - Stopping loop
14:23:14.941 [JavaFX Application Thread] DEBUG SystemBundleService  - Saving FXGL system data
14:23:14.942 [JavaFX Application Thread] DEBUG FileSystemAccess     - Writing to: C:\Users\Lucas\IdeaProjects\ipop\system\fxgl.bundle
14:23:14.943 [JavaFX Application Thread] DEBUG Async                - Shutting down background threads
14:23:14.943 [JavaFX Application Thread] DEBUG PrimaryStageWindow   - Closing main window
14:23:14.953 [JavaFX Application Thread] DEBUG Logger               - Closing Logger
