13:42:12.995 [main                     ] DEBUG Logger               - Configured Logger
13:42:13.007 [main                     ] DEBUG GameApplication      - Logging settings
Title: Prince of Jank
Version: 0.1.1
Width: 1920
Height: 1080
Fullscreen: false
Intro: false
Profiling: false
Single step:false
App Mode: DEVELOPER
Menu Key: ESCAPE
Stage Style: DECORATED
Scene Factory: class com.almasb.fxgl.app.scene.SceneFactory

13:42:13.383 [JavaFX Application Thread] DEBUG FXGLApplication      - Initializing FXGL
13:42:13.385 [JavaFX Application Thread] INFO  Engine               - FXGL-11.14 (01.03.2021 16.59) on WINDOWS (J:15.0.2 FX:15)
13:42:13.385 [JavaFX Application Thread] DEBUG Engine               - JRE Vendor Name: Oracle Corporation
13:42:13.385 [JavaFX Application Thread] DEBUG Engine               - Running on OS: Windows 10 version 10.0
13:42:13.385 [JavaFX Application Thread] DEBUG Engine               - Architecture: amd64
13:42:13.385 [JavaFX Application Thread] INFO  Engine               - Source code and latest versions at: https://github.com/AlmasB/FXGL
13:42:13.386 [JavaFX Application Thread] INFO  Engine               -              Join the FXGL chat at: https://gitter.im/AlmasB/FXGL
13:42:13.482 [JavaFX Application Thread] DEBUG PrimaryStageWindow   - Creating a JavaFX scene
13:42:13.524 [JavaFX Application Thread] DEBUG PrimaryStageWindow   - Target settings size: 1920.0 x 1080.0
13:42:13.524 [JavaFX Application Thread] DEBUG PrimaryStageWindow   - Scaled scene size:    1920.0 x 1080.0
13:42:13.524 [JavaFX Application Thread] DEBUG PrimaryStageWindow   - Scaled ratio: (1.0, 1.0)
13:42:13.525 [JavaFX Application Thread] DEBUG PrimaryStageWindow   - Set initial scene to FXGLStartupScene
13:42:13.530 [JavaFX Application Thread] DEBUG PrimaryStageWindow   - Opening main window
13:42:13.597 [JavaFX Application Thread] DEBUG PrimaryStageWindow   - Window border size: (16.0, 39.0)
13:42:13.597 [JavaFX Application Thread] DEBUG PrimaryStageWindow   - Scaled size: 1920.0 x 1080.0
13:42:13.597 [JavaFX Application Thread] DEBUG PrimaryStageWindow   - Scaled ratio: (1.0, 1.0)
13:42:13.597 [JavaFX Application Thread] DEBUG PrimaryStageWindow   - Scene size: 1920.0 x 1080.0
13:42:13.597 [JavaFX Application Thread] DEBUG PrimaryStageWindow   - Stage size: 1936.0 x 1119.0
13:42:13.603 [FXGL Background Thread 1 ] DEBUG Engine               - Initializing environment variables
13:42:13.627 [FXGL Background Thread 1 ] DEBUG FXGLAssetLoaderServi - User app class for loading assets: class Game
13:42:13.627 [FXGL Background Thread 1 ] DEBUG GameApplicationServi - Applying CSS: fxgl_dark.css
13:42:13.628 [FXGL Background Thread 1 ] DEBUG FXGLAssetLoaderServi - Loading from file system: jar:file:/C:/Users/Lucas/.m2/repository/com/github/almasb/fxgl/11.14/fxgl-11.14.jar!/fxglassets/ui/css/fxgl_dark.css
13:42:13.662 [FXGL Background Thread 1 ] DEBUG GameApplicationServi - Initializing application scenes
13:42:13.687 [FXGL Background Thread 1 ] DEBUG GameWorld            - Game world initialized
13:42:13.732 [FXGL Background Thread 1 ] DEBUG PhysicsWorld         - Physics world initialized: appHeight=1080, physics.ppm=50,0
13:42:13.733 [FXGL Background Thread 1 ] DEBUG PhysicsWorld         - Using strategy: BRUTE_FORCE
13:42:13.736 [FXGL Background Thread 1 ] DEBUG GameScene            - Game scene initialized: 1920x1080
13:42:13.767 [FXGL Background Thread 1 ] DEBUG FXGLAssetLoaderServi - Loading from file system: jar:file:/C:/Users/Lucas/.m2/repository/com/github/almasb/fxgl/11.14/fxgl-11.14.jar!/fxglassets/textures/particles/trace_horizontal.png
13:42:13.809 [FXGL Background Thread 1 ] DEBUG FXGL.DefaultMenu     - createMenuBodyMainMenu()
13:42:13.821 [FXGL Background Thread 1 ] DEBUG FXGL.DefaultMenu     - createOptionsMenu()
13:42:13.825 [FXGL Background Thread 1 ] DEBUG FXGLAssetLoaderServi - Loading from file system: jar:file:/C:/Users/Lucas/.m2/repository/com/github/almasb/fxgl/11.14/fxgl-11.14.jar!/fxglassets/textures/particles/smoke.png
13:42:13.871 [FXGL Background Thread 1 ] DEBUG FXGL.DefaultMenu     - createMenuBodyGameMenu()
13:42:13.873 [FXGL Background Thread 1 ] DEBUG FXGL.DefaultMenu     - createOptionsMenu()
13:42:13.885 [FXGL Background Thread 1 ] DEBUG GameApplicationServi - Application scenes initialized
13:42:13.893 [FXGL Background Thread 1 ] DEBUG SystemBundleService  - Loading FXGL system data
13:42:13.896 [FXGL Background Thread 1 ] DEBUG FileSystemAccess     - Reading from: C:\Users\Lucas\IdeaProjects\ipop\system\fxgl.bundle
13:42:13.902 [FXGL Background Thread 1 ] DEBUG SystemBundleService  - Bundle FXGL: {}
13:42:13.902 [FXGL Background Thread 1 ] DEBUG UpdaterService       - Checking for updates
13:42:13.906 [FXGL Background Thread 4 ] DEBUG FXGLApplication      - Loading fonts
13:42:13.907 [FXGL Background Thread 1 ] DEBUG FXGLApplication      - Loading default localization
13:42:13.907 [FXGL Background Thread 1 ] DEBUG FXGLAssetLoaderServi - Loading from file system: jar:file:/C:/Users/Lucas/.m2/repository/com/github/almasb/fxgl/11.14/fxgl-11.14.jar!/fxglassets/languages/english.lang
13:42:13.908 [FXGL Background Thread 4 ] DEBUG FXGLAssetLoaderServi - Loading from file system: jar:file:/C:/Users/Lucas/.m2/repository/com/github/almasb/fxgl/11.14/fxgl-11.14.jar!/fxglassets/ui/fonts/VarelaRound-Regular.ttf
13:42:13.921 [FXGL Background Thread 1 ] INFO  FXGLApplication      - FXGL initialization took: 0,318 sec
13:42:13.930 [JavaFX Application Thread] DEBUG Input                - Registered new binding: action0 - D
13:42:13.930 [JavaFX Application Thread] DEBUG Input                - Registered new binding: action1 - A
13:42:13.930 [JavaFX Application Thread] DEBUG Input                - Registered new binding: action2 - S
13:42:13.931 [JavaFX Application Thread] DEBUG Input                - Registered new binding: action3 - W
13:42:13.932 [JavaFX Application Thread] DEBUG FXGLAssetLoaderServi - Loading from file system: jar:file:/C:/Users/Lucas/.m2/repository/com/github/almasb/fxgl/11.14/fxgl-11.14.jar!/fxglassets/textures/fxgl_icon.png
13:42:13.951 [JavaFX Application Thread] DEBUG FXGLAssetLoaderServi - Loading from file system: jar:file:/C:/Users/Lucas/.m2/repository/com/github/almasb/fxgl/11.14/fxgl-11.14.jar!/fxglassets/ui/cursors/fxgl_default.png
13:42:13.953 [JavaFX Application Thread] DEBUG Input                - Registered new binding: Screenshot - P
13:42:13.954 [JavaFX Application Thread] DEBUG Input                - Registered new binding: System info dump - CTRL+9
13:42:13.954 [JavaFX Application Thread] DEBUG Input                - Registered new binding: Restart - CTRL+R
13:42:13.955 [JavaFX Application Thread] DEBUG Input                - Registered new binding: Toggle Debug Camera - CTRL+C
13:42:13.956 [FXGL Background Thread 4 ] DEBUG FXGLAssetLoaderServi - Loading from file system: jar:file:/C:/Users/Lucas/.m2/repository/com/github/almasb/fxgl/11.14/fxgl-11.14.jar!/fxglassets/ui/fonts/Abel-Regular.ttf
13:42:13.957 [JavaFX Application Thread] DEBUG LoopRunner           - Starting loop
13:42:13.957 [JavaFX Application Thread] DEBUG LoopRunner           - Initializing JavaFX AnimationTimerLoop
13:42:13.959 [FXGL Background Thread 4 ] DEBUG FXGLAssetLoaderServi - Loading from file system: jar:file:/C:/Users/Lucas/.m2/repository/com/github/almasb/fxgl/11.14/fxgl-11.14.jar!/fxglassets/ui/fonts/lucida_console.ttf
13:42:13.960 [JavaFX Application Thread] DEBUG Input                - Clearing active input actions
13:42:13.964 [FXGL Background Thread 4 ] DEBUG FXGLAssetLoaderServi - Loading from file system: jar:file:/C:/Users/Lucas/.m2/repository/com/github/almasb/fxgl/11.14/fxgl-11.14.jar!/fxglassets/ui/fonts/Courier-Prime.ttf
13:42:13.967 [JavaFX Application Thread] DEBUG GameApplicationServi - Removing overlay from FXGLStartupScene and adding to FXGLMainMenuDummyScene
13:42:13.968 [JavaFX Application Thread] DEBUG PrimaryStageWindow   - FXGLStartupScene -> FXGLMainMenuDummyScene
13:42:13.968 [JavaFX Application Thread] DEBUG PrimaryStageWindow   - Push state: FXGLDefaultMenu
13:42:13.972 [JavaFX Application Thread] DEBUG Input                - Clearing active input actions
13:42:13.980 [JavaFX Application Thread] DEBUG GameApplicationServi - Removing overlay from FXGLMainMenuDummyScene and adding to FXGLDefaultMenu
13:42:13.980 [JavaFX Application Thread] DEBUG PrimaryStageWindow   - FXGLMainMenuDummyScene -> FXGLDefaultMenu
13:42:14.045 [JavaFX Application Thread] DEBUG FXGLApplication      - Registering font factories with UI factory
13:42:16.906 [FXGL Background Thread 3 ] DEBUG Engine               - Logging environment variables
13:42:16.906 [FXGL Background Thread 3 ] DEBUG Engine               - achievements: []
13:42:16.907 [FXGL Background Thread 3 ] DEBUG Engine               - actualHeight: 1080.0
13:42:16.907 [FXGL Background Thread 3 ] DEBUG Engine               - actualHeightProperty: ReadOnlyDoubleProperty [value: 1080.0]
13:42:16.907 [FXGL Background Thread 3 ] DEBUG Engine               - actualWidth: 1920.0
13:42:16.907 [FXGL Background Thread 3 ] DEBUG Engine               - actualWidthProperty: ReadOnlyDoubleProperty [value: 1920.0]
13:42:16.907 [FXGL Background Thread 3 ] DEBUG Engine               - appIcon: fxgl_icon.png
13:42:16.907 [FXGL Background Thread 3 ] DEBUG Engine               - applicationMode: DEVELOPER
13:42:16.907 [FXGL Background Thread 3 ] DEBUG Engine               - cSSList: [fxgl_dark.css]
13:42:16.907 [FXGL Background Thread 3 ] DEBUG Engine               - collisionDetectionStrategy: BRUTE_FORCE
13:42:16.908 [FXGL Background Thread 3 ] DEBUG Engine               - configClass: Optional.empty
13:42:16.908 [FXGL Background Thread 3 ] DEBUG Engine               - credits: []
13:42:16.908 [FXGL Background Thread 3 ] DEBUG Engine               - devBBoxColorProperty: ObjectProperty [value: 0xff0000ff]
13:42:16.908 [FXGL Background Thread 3 ] DEBUG Engine               - devEnableDebugCameraProperty: BooleanProperty [value: false]
13:42:16.908 [FXGL Background Thread 3 ] DEBUG Engine               - devSensorColorProperty: ObjectProperty [value: 0xffff00ff]
13:42:16.909 [FXGL Background Thread 3 ] DEBUG Engine               - devShowBBoxProperty: BooleanProperty [value: false]
13:42:16.909 [FXGL Background Thread 3 ] DEBUG Engine               - devShowPositionProperty: BooleanProperty [value: false]
13:42:16.909 [FXGL Background Thread 3 ] DEBUG Engine               - enabledMenuItems: []
13:42:16.909 [FXGL Background Thread 3 ] DEBUG Engine               - engineServices: [class com.almasb.fxgl.app.services.FXGLAssetLoaderService, class com.almasb.fxgl.app.FXGLApplication$GameApplicationService, class com.almasb.fxgl.app.services.FXGLDialogService, class com.almasb.fxgl.app.services.IOTaskExecutorService, class com.almasb.fxgl.event.EventBusService, class com.almasb.fxgl.io.FileSystemService, class com.almasb.fxgl.localization.LocalizationService, class com.almasb.fxgl.app.services.SystemBundleService, class com.almasb.fxgl.profile.SaveLoadService, class com.almasb.fxgl.ui.FXGLUIFactoryServiceProvider, class com.almasb.fxgl.ui.FXGLDialogFactoryServiceProvider, class com.almasb.fxgl.audio.AudioPlayer, class com.almasb.fxgl.notification.impl.NotificationServiceProvider, class com.almasb.fxgl.achievement.AchievementService, class com.almasb.fxgl.cutscene.CutsceneService, class com.almasb.fxgl.minigames.MiniGameService, class com.almasb.fxgl.net.NetService, class com.almasb.fxgl.app.services.UpdaterService, class com.almasb.fxgl.dev.DevService]
13:42:16.909 [FXGL Background Thread 3 ] DEBUG Engine               - fontGame: Abel-Regular.ttf
13:42:16.909 [FXGL Background Thread 3 ] DEBUG Engine               - fontMono: lucida_console.ttf
13:42:16.909 [FXGL Background Thread 3 ] DEBUG Engine               - fontText: Courier-Prime.ttf
13:42:16.909 [FXGL Background Thread 3 ] DEBUG Engine               - fontUI: VarelaRound-Regular.ttf
13:42:16.909 [FXGL Background Thread 3 ] DEBUG Engine               - fullScreen: BooleanProperty [value: false]
13:42:16.910 [FXGL Background Thread 3 ] DEBUG Engine               - gameDifficulty: MEDIUM
13:42:16.910 [FXGL Background Thread 3 ] DEBUG Engine               - gameDifficultyProperty: ObjectProperty [value: MEDIUM]
13:42:16.910 [FXGL Background Thread 3 ] DEBUG Engine               - globalMusicVolume: 0.5
13:42:16.910 [FXGL Background Thread 3 ] DEBUG Engine               - globalMusicVolumeProperty: DoubleProperty [value: 0.5]
13:42:16.910 [FXGL Background Thread 3 ] DEBUG Engine               - globalSoundVolume: 0.5
13:42:16.910 [FXGL Background Thread 3 ] DEBUG Engine               - globalSoundVolumeProperty: DoubleProperty [value: 0.5]
13:42:16.911 [FXGL Background Thread 3 ] DEBUG Engine               - height: 1080
13:42:16.911 [FXGL Background Thread 3 ] DEBUG Engine               - isAndroid: false
13:42:16.911 [FXGL Background Thread 3 ] DEBUG Engine               - isBrowser: false
13:42:16.911 [FXGL Background Thread 3 ] DEBUG Engine               - isClickFeedbackEnabled: false
13:42:16.911 [FXGL Background Thread 3 ] DEBUG Engine               - isCloseConfirmation: false
13:42:16.911 [FXGL Background Thread 3 ] DEBUG Engine               - isDesktop: true
13:42:16.911 [FXGL Background Thread 3 ] DEBUG Engine               - isDeveloperMenuEnabled: false
13:42:16.911 [FXGL Background Thread 3 ] DEBUG Engine               - isEntityPreloadEnabled: true
13:42:16.911 [FXGL Background Thread 3 ] DEBUG Engine               - isExperimental3D: false
13:42:16.911 [FXGL Background Thread 3 ] DEBUG Engine               - isExperimentalNative: false
13:42:16.911 [FXGL Background Thread 3 ] DEBUG Engine               - isExperimentalTiledLargeMap: false
13:42:16.912 [FXGL Background Thread 3 ] DEBUG Engine               - isFileSystemWriteAllowed: true
13:42:16.912 [FXGL Background Thread 3 ] DEBUG Engine               - isFullScreenAllowed: false
13:42:16.912 [FXGL Background Thread 3 ] DEBUG Engine               - isFullScreenFromStart: false
13:42:16.912 [FXGL Background Thread 3 ] DEBUG Engine               - isGameMenuEnabled: true
13:42:16.912 [FXGL Background Thread 3 ] DEBUG Engine               - isIOS: false
13:42:16.912 [FXGL Background Thread 3 ] DEBUG Engine               - isIntroEnabled: false
13:42:16.912 [FXGL Background Thread 3 ] DEBUG Engine               - isLinux: false
13:42:16.912 [FXGL Background Thread 3 ] DEBUG Engine               - isMac: false
13:42:16.912 [FXGL Background Thread 3 ] DEBUG Engine               - isMainMenuEnabled: true
13:42:16.912 [FXGL Background Thread 3 ] DEBUG Engine               - isManualResizeEnabled: false
13:42:16.912 [FXGL Background Thread 3 ] DEBUG Engine               - isMobile: false
13:42:16.913 [FXGL Background Thread 3 ] DEBUG Engine               - isPreserveResizeRatio: false
13:42:16.913 [FXGL Background Thread 3 ] DEBUG Engine               - isProfilingEnabled: false
13:42:16.913 [FXGL Background Thread 3 ] DEBUG Engine               - isScaleAffectedOnResize: true
13:42:16.913 [FXGL Background Thread 3 ] DEBUG Engine               - isSingleStep: false
13:42:16.913 [FXGL Background Thread 3 ] DEBUG Engine               - isUserProfileEnabled: false
13:42:16.913 [FXGL Background Thread 3 ] DEBUG Engine               - isWindows: true
13:42:16.913 [FXGL Background Thread 3 ] DEBUG Engine               - language: ObjectProperty [value: ENGLISH]
13:42:16.913 [FXGL Background Thread 3 ] DEBUG Engine               - menuKey: ESCAPE
13:42:16.914 [FXGL Background Thread 3 ] DEBUG Engine               - notificationViewClass: class com.almasb.fxgl.notification.view.XboxNotificationView
13:42:16.914 [FXGL Background Thread 3 ] DEBUG Engine               - pixelsPerMeter: 50.0
13:42:16.914 [FXGL Background Thread 3 ] DEBUG Engine               - platform: WINDOWS
13:42:16.914 [FXGL Background Thread 3 ] DEBUG Engine               - prefHeightProperty: ReadOnlyDoubleProperty [value: 1080.0]
13:42:16.914 [FXGL Background Thread 3 ] DEBUG Engine               - prefWidthProperty: ReadOnlyDoubleProperty [value: 1920.0]
13:42:16.914 [FXGL Background Thread 3 ] DEBUG Engine               - profileDir: profiles/
13:42:16.914 [FXGL Background Thread 3 ] DEBUG Engine               - profileName: StringProperty [value: DEFAULT]
13:42:16.914 [FXGL Background Thread 3 ] DEBUG Engine               - randomSeed: -1
13:42:16.914 [FXGL Background Thread 3 ] DEBUG Engine               - runtimeInfo: RuntimeInfo(platform=WINDOWS, version=11.14, build=01.03.2021 16.59)
13:42:16.914 [FXGL Background Thread 3 ] DEBUG Engine               - saveFileExt: sav
13:42:16.915 [FXGL Background Thread 3 ] DEBUG Engine               - scaledHeightProp$fxgl: DoubleProperty [bound, value: 1080.0]
13:42:16.915 [FXGL Background Thread 3 ] DEBUG Engine               - scaledWidthProp$fxgl: DoubleProperty [bound, value: 1920.0]
13:42:16.915 [FXGL Background Thread 3 ] DEBUG Engine               - sceneFactory: com.almasb.fxgl.app.scene.SceneFactory@4171a76
13:42:16.915 [FXGL Background Thread 3 ] DEBUG Engine               - secondsIn24h: 60
13:42:16.915 [FXGL Background Thread 3 ] DEBUG Engine               - soundMenuBack: menu/back.wav
13:42:16.915 [FXGL Background Thread 3 ] DEBUG Engine               - soundMenuPress: menu/press.wav
13:42:16.915 [FXGL Background Thread 3 ] DEBUG Engine               - soundMenuSelect: menu/select.wav
13:42:16.915 [FXGL Background Thread 3 ] DEBUG Engine               - soundNotification: core/notification.wav
13:42:16.915 [FXGL Background Thread 3 ] DEBUG Engine               - stageStyle: DECORATED
13:42:16.915 [FXGL Background Thread 3 ] DEBUG Engine               - supportedLanguages: [ENGLISH, FRENCH, GERMAN, HUNGARIAN, RUSSIAN]
13:42:16.915 [FXGL Background Thread 3 ] DEBUG Engine               - ticksPerSecond: -1
13:42:16.915 [FXGL Background Thread 3 ] DEBUG Engine               - title: Prince of Jank
13:42:16.916 [FXGL Background Thread 3 ] DEBUG Engine               - urlGithub: https://github.com/AlmasB/FXGL
13:42:16.916 [FXGL Background Thread 3 ] DEBUG Engine               - urlLeaderboard: http://fxgl-top.herokuapp.com/
13:42:16.916 [FXGL Background Thread 3 ] DEBUG Engine               - urlPOM: https://raw.githubusercontent.com/AlmasB/FXGL/release/README.md
13:42:16.916 [FXGL Background Thread 3 ] DEBUG Engine               - userAppClass: class Game
13:42:16.916 [FXGL Background Thread 3 ] DEBUG Engine               - version: 0.1.1
13:42:16.916 [FXGL Background Thread 3 ] DEBUG Engine               - versionCheckDays: 7
13:42:16.916 [FXGL Background Thread 3 ] DEBUG Engine               - width: 1920
13:42:16.916 [FXGL Background Thread 3 ] DEBUG Engine               - Logging services
13:42:16.916 [FXGL Background Thread 3 ] DEBUG Engine               - class com.almasb.fxgl.app.services.FXGLAssetLoaderService
13:42:16.916 [FXGL Background Thread 3 ] DEBUG Engine               - class com.almasb.fxgl.app.FXGLApplication$GameApplicationService
13:42:16.916 [FXGL Background Thread 3 ] DEBUG Engine               - class com.almasb.fxgl.app.services.FXGLDialogService
13:42:16.916 [FXGL Background Thread 3 ] DEBUG Engine               - class com.almasb.fxgl.app.services.IOTaskExecutorService
13:42:16.917 [FXGL Background Thread 3 ] DEBUG Engine               - class com.almasb.fxgl.event.EventBusService
13:42:16.917 [FXGL Background Thread 3 ] DEBUG Engine               - class com.almasb.fxgl.io.FileSystemService
13:42:16.917 [FXGL Background Thread 3 ] DEBUG Engine               - class com.almasb.fxgl.localization.LocalizationService
13:42:16.917 [FXGL Background Thread 3 ] DEBUG Engine               - class com.almasb.fxgl.app.services.SystemBundleService
13:42:16.917 [FXGL Background Thread 3 ] DEBUG Engine               - class com.almasb.fxgl.profile.SaveLoadService
13:42:16.917 [FXGL Background Thread 3 ] DEBUG Engine               - class com.almasb.fxgl.ui.FXGLUIFactoryServiceProvider
13:42:16.917 [FXGL Background Thread 3 ] DEBUG Engine               - class com.almasb.fxgl.ui.FXGLDialogFactoryServiceProvider
13:42:16.917 [FXGL Background Thread 3 ] DEBUG Engine               - class com.almasb.fxgl.audio.AudioPlayer
13:42:16.917 [FXGL Background Thread 3 ] DEBUG Engine               - class com.almasb.fxgl.notification.impl.NotificationServiceProvider
13:42:16.917 [FXGL Background Thread 3 ] DEBUG Engine               - class com.almasb.fxgl.achievement.AchievementService
13:42:16.917 [FXGL Background Thread 3 ] DEBUG Engine               - class com.almasb.fxgl.cutscene.CutsceneService
13:42:16.917 [FXGL Background Thread 3 ] DEBUG Engine               - class com.almasb.fxgl.minigames.MiniGameService
13:42:16.917 [FXGL Background Thread 3 ] DEBUG Engine               - class com.almasb.fxgl.net.NetService
13:42:16.918 [FXGL Background Thread 3 ] DEBUG Engine               - class com.almasb.fxgl.app.services.UpdaterService
13:42:16.918 [FXGL Background Thread 3 ] DEBUG Engine               - class com.almasb.fxgl.dev.DevService
13:42:31.436 [JavaFX Application Thread] DEBUG Menu                 - fireExit()
13:42:31.438 [JavaFX Application Thread] DEBUG PrimaryStageWindow   - Push state: DialogSubScene
13:42:31.438 [JavaFX Application Thread] DEBUG Input                - Clearing active input actions
13:42:31.438 [JavaFX Application Thread] DEBUG GameApplicationServi - Removing overlay from FXGLDefaultMenu and adding to DialogSubScene
13:42:31.439 [JavaFX Application Thread] DEBUG PrimaryStageWindow   - FXGLDefaultMenu -> DialogSubScene
13:42:32.248 [JavaFX Application Thread] DEBUG PrimaryStageWindow   - Pop state: DialogSubScene
13:42:32.248 [JavaFX Application Thread] DEBUG Input                - Clearing active input actions
13:42:32.249 [JavaFX Application Thread] DEBUG GameApplicationServi - Removing overlay from DialogSubScene and adding to FXGLDefaultMenu
13:42:32.249 [JavaFX Application Thread] DEBUG PrimaryStageWindow   - FXGLDefaultMenu <- DialogSubScene
13:42:32.249 [JavaFX Application Thread] DEBUG FXGLApplication      - Exiting FXGL
13:42:32.249 [JavaFX Application Thread] DEBUG LoopRunner           - Stopping loop
13:42:32.249 [JavaFX Application Thread] DEBUG SystemBundleService  - Saving FXGL system data
13:42:32.250 [JavaFX Application Thread] DEBUG FileSystemAccess     - Writing to: C:\Users\Lucas\IdeaProjects\ipop\system\fxgl.bundle
13:42:32.251 [JavaFX Application Thread] DEBUG Async                - Shutting down background threads
13:42:32.252 [JavaFX Application Thread] DEBUG PrimaryStageWindow   - Closing main window
13:42:32.262 [JavaFX Application Thread] DEBUG Logger               - Closing Logger
