14:30:16.170 [main                     ] DEBUG Logger               - Configured Logger
14:30:16.182 [main                     ] DEBUG GameApplication      - Logging settings
Title: Prince of Jank
Version: 0.1.2
Width: 1920
Height: 1080
Fullscreen: false
Intro: false
Profiling: false
Single step:false
App Mode: DEVELOPER
Menu Key: ESCAPE
Stage Style: DECORATED
Scene Factory: class com.almasb.fxgl.app.scene.SceneFactory

14:30:16.564 [JavaFX Application Thread] DEBUG FXGLApplication      - Initializing FXGL
14:30:16.566 [JavaFX Application Thread] INFO  Engine               - FXGL-11.14 (01.03.2021 16.59) on WINDOWS (J:15.0.2 FX:15)
14:30:16.566 [JavaFX Application Thread] DEBUG Engine               - JRE Vendor Name: Oracle Corporation
14:30:16.566 [JavaFX Application Thread] DEBUG Engine               - Running on OS: Windows 10 version 10.0
14:30:16.566 [JavaFX Application Thread] DEBUG Engine               - Architecture: amd64
14:30:16.566 [JavaFX Application Thread] INFO  Engine               - Source code and latest versions at: https://github.com/AlmasB/FXGL
14:30:16.567 [JavaFX Application Thread] INFO  Engine               -              Join the FXGL chat at: https://gitter.im/AlmasB/FXGL
14:30:16.658 [JavaFX Application Thread] DEBUG PrimaryStageWindow   - Creating a JavaFX scene
14:30:16.702 [JavaFX Application Thread] DEBUG PrimaryStageWindow   - Target settings size: 1920.0 x 1080.0
14:30:16.702 [JavaFX Application Thread] DEBUG PrimaryStageWindow   - Scaled scene size:    1920.0 x 1080.0
14:30:16.702 [JavaFX Application Thread] DEBUG PrimaryStageWindow   - Scaled ratio: (1.0, 1.0)
14:30:16.704 [JavaFX Application Thread] DEBUG PrimaryStageWindow   - Set initial scene to FXGLStartupScene
14:30:16.709 [JavaFX Application Thread] DEBUG PrimaryStageWindow   - Opening main window
14:30:16.780 [JavaFX Application Thread] DEBUG PrimaryStageWindow   - Window border size: (16.0, 39.0)
14:30:16.780 [JavaFX Application Thread] DEBUG PrimaryStageWindow   - Scaled size: 1920.0 x 1080.0
14:30:16.781 [JavaFX Application Thread] DEBUG PrimaryStageWindow   - Scaled ratio: (1.0, 1.0)
14:30:16.781 [JavaFX Application Thread] DEBUG PrimaryStageWindow   - Scene size: 1920.0 x 1080.0
14:30:16.781 [JavaFX Application Thread] DEBUG PrimaryStageWindow   - Stage size: 1936.0 x 1119.0
14:30:16.786 [FXGL Background Thread 1 ] DEBUG Engine               - Initializing environment variables
14:30:16.809 [FXGL Background Thread 1 ] DEBUG FXGLAssetLoaderServi - User app class for loading assets: class Game
14:30:16.809 [FXGL Background Thread 1 ] DEBUG GameApplicationServi - Applying CSS: fxgl_dark.css
14:30:16.810 [FXGL Background Thread 1 ] DEBUG FXGLAssetLoaderServi - Loading from file system: jar:file:/C:/Users/Lucas/.m2/repository/com/github/almasb/fxgl/11.14/fxgl-11.14.jar!/fxglassets/ui/css/fxgl_dark.css
14:30:16.841 [FXGL Background Thread 1 ] DEBUG GameApplicationServi - Initializing application scenes
14:30:16.865 [FXGL Background Thread 1 ] DEBUG GameWorld            - Game world initialized
14:30:16.909 [FXGL Background Thread 1 ] DEBUG PhysicsWorld         - Physics world initialized: appHeight=1080, physics.ppm=50,0
14:30:16.909 [FXGL Background Thread 1 ] DEBUG PhysicsWorld         - Using strategy: BRUTE_FORCE
14:30:16.911 [FXGL Background Thread 1 ] DEBUG GameScene            - Game scene initialized: 1920x1080
14:30:16.942 [FXGL Background Thread 1 ] DEBUG FXGLAssetLoaderServi - Loading from file system: jar:file:/C:/Users/Lucas/.m2/repository/com/github/almasb/fxgl/11.14/fxgl-11.14.jar!/fxglassets/textures/particles/trace_horizontal.png
14:30:16.985 [FXGL Background Thread 1 ] DEBUG FXGL.DefaultMenu     - createMenuBodyGameMenu()
14:30:16.996 [FXGL Background Thread 1 ] DEBUG FXGL.DefaultMenu     - createOptionsMenu()
14:30:17.000 [FXGL Background Thread 1 ] DEBUG FXGLAssetLoaderServi - Loading from file system: jar:file:/C:/Users/Lucas/.m2/repository/com/github/almasb/fxgl/11.14/fxgl-11.14.jar!/fxglassets/textures/particles/smoke.png
14:30:17.039 [FXGL Background Thread 1 ] DEBUG GameApplicationServi - Application scenes initialized
14:30:17.047 [FXGL Background Thread 1 ] DEBUG SystemBundleService  - Loading FXGL system data
14:30:17.051 [FXGL Background Thread 1 ] DEBUG FileSystemAccess     - Reading from: C:\Users\Lucas\IdeaProjects\ipop\system\fxgl.bundle
14:30:17.056 [FXGL Background Thread 1 ] DEBUG SystemBundleService  - Bundle FXGL: {}
14:30:17.057 [FXGL Background Thread 1 ] DEBUG UpdaterService       - Checking for updates
14:30:17.061 [FXGL Background Thread 4 ] DEBUG FXGLApplication      - Loading fonts
14:30:17.062 [FXGL Background Thread 1 ] DEBUG FXGLApplication      - Loading default localization
14:30:17.062 [FXGL Background Thread 1 ] DEBUG FXGLAssetLoaderServi - Loading from file system: jar:file:/C:/Users/Lucas/.m2/repository/com/github/almasb/fxgl/11.14/fxgl-11.14.jar!/fxglassets/languages/english.lang
14:30:17.062 [FXGL Background Thread 4 ] DEBUG FXGLAssetLoaderServi - Loading from file system: jar:file:/C:/Users/Lucas/.m2/repository/com/github/almasb/fxgl/11.14/fxgl-11.14.jar!/fxglassets/ui/fonts/VarelaRound-Regular.ttf
14:30:17.077 [FXGL Background Thread 1 ] INFO  FXGLApplication      - FXGL initialization took: 0,291 sec
14:30:17.078 [JavaFX Application Thread] DEBUG FXGLAssetLoaderServi - Loading from file system: jar:file:/C:/Users/Lucas/.m2/repository/com/github/almasb/fxgl/11.14/fxgl-11.14.jar!/fxglassets/textures/fxgl_icon.png
14:30:17.096 [JavaFX Application Thread] DEBUG FXGLAssetLoaderServi - Loading from file system: jar:file:/C:/Users/Lucas/.m2/repository/com/github/almasb/fxgl/11.14/fxgl-11.14.jar!/fxglassets/ui/cursors/fxgl_default.png
14:30:17.108 [JavaFX Application Thread] DEBUG Input                - Registered new binding: Screenshot - P
14:30:17.108 [JavaFX Application Thread] DEBUG Input                - Registered new binding: System info dump - CTRL+9
14:30:17.109 [JavaFX Application Thread] DEBUG Input                - Registered new binding: Restart - CTRL+R
14:30:17.109 [JavaFX Application Thread] DEBUG Input                - Registered new binding: Toggle Debug Camera - CTRL+C
14:30:17.111 [JavaFX Application Thread] DEBUG LoopRunner           - Starting loop
14:30:17.111 [JavaFX Application Thread] DEBUG LoopRunner           - Initializing JavaFX AnimationTimerLoop
14:30:17.112 [JavaFX Application Thread] DEBUG GameApplicationServi - Starting new game
14:30:17.113 [JavaFX Application Thread] DEBUG Input                - Clearing active input actions
14:30:17.122 [FXGL Background Thread 4 ] DEBUG FXGLAssetLoaderServi - Loading from file system: jar:file:/C:/Users/Lucas/.m2/repository/com/github/almasb/fxgl/11.14/fxgl-11.14.jar!/fxglassets/ui/fonts/Abel-Regular.ttf
14:30:17.123 [JavaFX Application Thread] DEBUG GameApplicationServi - Removing overlay from FXGLStartupScene and adding to FXGLLoadingScene
14:30:17.124 [JavaFX Application Thread] DEBUG PrimaryStageWindow   - FXGLStartupScene -> FXGLLoadingScene
14:30:17.124 [JavaFX Application Thread] DEBUG GameApplicationServi - Clearing previous game
14:30:17.124 [JavaFX Application Thread] DEBUG GameScene            - Clearing game scene
14:30:17.125 [JavaFX Application Thread] DEBUG GameWorld            - Clearing game world
14:30:17.125 [JavaFX Application Thread] DEBUG PhysicsWorld         - Clearing physics world
14:30:17.126 [FXGL Background Thread 4 ] DEBUG FXGLAssetLoaderServi - Loading from file system: jar:file:/C:/Users/Lucas/.m2/repository/com/github/almasb/fxgl/11.14/fxgl-11.14.jar!/fxglassets/ui/fonts/lucida_console.ttf
14:30:17.126 [FXGL Background Thread 1 ] DEBUG FXGLApplication      - Initializing game
14:30:17.128 [FXGL Background Thread 1 ] INFO  FXGLApplication      - Game initialization took: 0,001 sec
14:30:17.132 [FXGL Background Thread 4 ] DEBUG FXGLAssetLoaderServi - Loading from file system: jar:file:/C:/Users/Lucas/.m2/repository/com/github/almasb/fxgl/11.14/fxgl-11.14.jar!/fxglassets/ui/fonts/Courier-Prime.ttf
14:30:17.168 [JavaFX Application Thread] DEBUG Input                - Clearing active input actions
14:30:17.175 [JavaFX Application Thread] DEBUG GameApplicationServi - Removing overlay from FXGLLoadingScene and adding to GameScene
14:30:17.175 [JavaFX Application Thread] DEBUG PrimaryStageWindow   - FXGLLoadingScene -> GameScene
14:30:17.176 [JavaFX Application Thread] DEBUG FXGLApplication      - Registering font factories with UI factory
14:30:17.884 [JavaFX Application Thread] DEBUG FXGLApplication      - Exiting FXGL
14:30:17.884 [JavaFX Application Thread] DEBUG LoopRunner           - Stopping loop
14:30:17.884 [JavaFX Application Thread] DEBUG SystemBundleService  - Saving FXGL system data
14:30:17.886 [JavaFX Application Thread] DEBUG FileSystemAccess     - Writing to: C:\Users\Lucas\IdeaProjects\ipop\system\fxgl.bundle
14:30:17.887 [JavaFX Application Thread] DEBUG Async                - Shutting down background threads
14:30:17.887 [JavaFX Application Thread] DEBUG PrimaryStageWindow   - Closing main window
14:30:17.896 [JavaFX Application Thread] DEBUG Logger               - Closing Logger
