09:01:50.635 [main                     ] DEBUG Logger               - Configured Logger
09:01:50.648 [main                     ] DEBUG GameApplication      - Logging settings
Title: Prince of Jank
Version: 0.1.2
Width: 1920
Height: 1080
Fullscreen: false
Intro: false
Profiling: false
Single step:false
App Mode: DEVELOPER
Menu Key: ESCAPE
Stage Style: DECORATED
Scene Factory: class com.almasb.fxgl.app.scene.SceneFactory

09:01:51.011 [JavaFX Application Thread] DEBUG FXGLApplication      - Initializing FXGL
09:01:51.013 [JavaFX Application Thread] INFO  Engine               - FXGL-11.14 (01.03.2021 16.59) on WINDOWS (J:15.0.2 FX:15)
09:01:51.013 [JavaFX Application Thread] DEBUG Engine               - JRE Vendor Name: Oracle Corporation
09:01:51.013 [JavaFX Application Thread] DEBUG Engine               - Running on OS: Windows 10 version 10.0
09:01:51.013 [JavaFX Application Thread] DEBUG Engine               - Architecture: amd64
09:01:51.013 [JavaFX Application Thread] INFO  Engine               - Source code and latest versions at: https://github.com/AlmasB/FXGL
09:01:51.014 [JavaFX Application Thread] INFO  Engine               -              Join the FXGL chat at: https://gitter.im/AlmasB/FXGL
09:01:51.105 [JavaFX Application Thread] DEBUG PrimaryStageWindow   - Creating a JavaFX scene
09:01:51.146 [JavaFX Application Thread] DEBUG PrimaryStageWindow   - Target settings size: 1920.0 x 1080.0
09:01:51.146 [JavaFX Application Thread] DEBUG PrimaryStageWindow   - Scaled scene size:    1920.0 x 1080.0
09:01:51.147 [JavaFX Application Thread] DEBUG PrimaryStageWindow   - Scaled ratio: (1.0, 1.0)
09:01:51.147 [JavaFX Application Thread] DEBUG PrimaryStageWindow   - Set initial scene to FXGLStartupScene
09:01:51.153 [JavaFX Application Thread] DEBUG PrimaryStageWindow   - Opening main window
09:01:51.219 [JavaFX Application Thread] DEBUG PrimaryStageWindow   - Window border size: (16.0, 39.0)
09:01:51.219 [JavaFX Application Thread] DEBUG PrimaryStageWindow   - Scaled size: 1920.0 x 1080.0
09:01:51.219 [JavaFX Application Thread] DEBUG PrimaryStageWindow   - Scaled ratio: (1.0, 1.0)
09:01:51.219 [JavaFX Application Thread] DEBUG PrimaryStageWindow   - Scene size: 1920.0 x 1080.0
09:01:51.219 [JavaFX Application Thread] DEBUG PrimaryStageWindow   - Stage size: 1936.0 x 1119.0
09:01:51.224 [FXGL Background Thread 1 ] DEBUG Engine               - Initializing environment variables
09:01:51.247 [FXGL Background Thread 1 ] DEBUG FXGLAssetLoaderServi - User app class for loading assets: class Game
09:01:51.248 [FXGL Background Thread 1 ] DEBUG GameApplicationServi - Applying CSS: fxgl_dark.css
09:01:51.248 [FXGL Background Thread 1 ] DEBUG FXGLAssetLoaderServi - Loading from file system: jar:file:/C:/Users/Lucas/.m2/repository/com/github/almasb/fxgl/11.14/fxgl-11.14.jar!/fxglassets/ui/css/fxgl_dark.css
09:01:51.280 [FXGL Background Thread 1 ] DEBUG GameApplicationServi - Initializing application scenes
09:01:51.302 [FXGL Background Thread 1 ] DEBUG GameWorld            - Game world initialized
09:01:51.346 [FXGL Background Thread 1 ] DEBUG PhysicsWorld         - Physics world initialized: appHeight=1080, physics.ppm=50,0
09:01:51.346 [FXGL Background Thread 1 ] DEBUG PhysicsWorld         - Using strategy: BRUTE_FORCE
09:01:51.348 [FXGL Background Thread 1 ] DEBUG GameScene            - Game scene initialized: 1920x1080
09:01:51.373 [FXGL Background Thread 1 ] DEBUG FXGLAssetLoaderServi - Loading from file system: jar:file:/C:/Users/Lucas/.m2/repository/com/github/almasb/fxgl/11.14/fxgl-11.14.jar!/fxglassets/textures/particles/trace_horizontal.png
09:01:51.412 [FXGL Background Thread 1 ] DEBUG FXGL.DefaultMenu     - createMenuBodyGameMenu()
09:01:51.429 [FXGL Background Thread 1 ] DEBUG FXGL.DefaultMenu     - createOptionsMenu()
09:01:51.434 [FXGL Background Thread 1 ] DEBUG FXGLAssetLoaderServi - Loading from file system: jar:file:/C:/Users/Lucas/.m2/repository/com/github/almasb/fxgl/11.14/fxgl-11.14.jar!/fxglassets/textures/particles/smoke.png
09:01:51.478 [FXGL Background Thread 1 ] DEBUG GameApplicationServi - Application scenes initialized
09:01:51.487 [FXGL Background Thread 1 ] DEBUG SystemBundleService  - Loading FXGL system data
09:01:51.490 [FXGL Background Thread 1 ] DEBUG FileSystemAccess     - Reading from: C:\Users\Lucas\IdeaProjects\ipop\system\fxgl.bundle
09:01:51.494 [FXGL Background Thread 1 ] DEBUG SystemBundleService  - Bundle FXGL: {}
09:01:51.495 [FXGL Background Thread 1 ] DEBUG UpdaterService       - Checking for updates
09:01:51.498 [FXGL Background Thread 4 ] DEBUG FXGLApplication      - Loading fonts
09:01:51.499 [FXGL Background Thread 1 ] DEBUG FXGLApplication      - Loading default localization
09:01:51.499 [FXGL Background Thread 4 ] DEBUG FXGLAssetLoaderServi - Loading from file system: jar:file:/C:/Users/Lucas/.m2/repository/com/github/almasb/fxgl/11.14/fxgl-11.14.jar!/fxglassets/ui/fonts/VarelaRound-Regular.ttf
09:01:51.500 [FXGL Background Thread 1 ] DEBUG FXGLAssetLoaderServi - Loading from file system: jar:file:/C:/Users/Lucas/.m2/repository/com/github/almasb/fxgl/11.14/fxgl-11.14.jar!/fxglassets/languages/english.lang
09:01:51.514 [FXGL Background Thread 1 ] INFO  FXGLApplication      - FXGL initialization took: 0,289 sec
09:01:51.523 [JavaFX Application Thread] DEBUG Input                - Registered new binding: action0 - Space
09:01:51.523 [JavaFX Application Thread] DEBUG FXGLAssetLoaderServi - Loading from file system: jar:file:/C:/Users/Lucas/.m2/repository/com/github/almasb/fxgl/11.14/fxgl-11.14.jar!/fxglassets/textures/fxgl_icon.png
09:01:51.542 [JavaFX Application Thread] DEBUG FXGLAssetLoaderServi - Loading from file system: jar:file:/C:/Users/Lucas/.m2/repository/com/github/almasb/fxgl/11.14/fxgl-11.14.jar!/fxglassets/ui/cursors/fxgl_default.png
09:01:51.544 [JavaFX Application Thread] DEBUG Input                - Registered new binding: Screenshot - P
09:01:51.544 [FXGL Background Thread 4 ] DEBUG FXGLAssetLoaderServi - Loading from file system: jar:file:/C:/Users/Lucas/.m2/repository/com/github/almasb/fxgl/11.14/fxgl-11.14.jar!/fxglassets/ui/fonts/Abel-Regular.ttf
09:01:51.544 [JavaFX Application Thread] DEBUG Input                - Registered new binding: System info dump - CTRL+9
09:01:51.545 [JavaFX Application Thread] DEBUG Input                - Registered new binding: Restart - CTRL+R
09:01:51.546 [JavaFX Application Thread] DEBUG Input                - Registered new binding: Toggle Debug Camera - CTRL+C
09:01:51.548 [JavaFX Application Thread] DEBUG LoopRunner           - Starting loop
09:01:51.548 [FXGL Background Thread 4 ] DEBUG FXGLAssetLoaderServi - Loading from file system: jar:file:/C:/Users/Lucas/.m2/repository/com/github/almasb/fxgl/11.14/fxgl-11.14.jar!/fxglassets/ui/fonts/lucida_console.ttf
09:01:51.548 [JavaFX Application Thread] DEBUG LoopRunner           - Initializing JavaFX AnimationTimerLoop
09:01:51.550 [JavaFX Application Thread] DEBUG GameApplicationServi - Starting new game
09:01:51.550 [JavaFX Application Thread] DEBUG Input                - Clearing active input actions
09:01:51.553 [FXGL Background Thread 4 ] DEBUG FXGLAssetLoaderServi - Loading from file system: jar:file:/C:/Users/Lucas/.m2/repository/com/github/almasb/fxgl/11.14/fxgl-11.14.jar!/fxglassets/ui/fonts/Courier-Prime.ttf
09:01:51.562 [JavaFX Application Thread] DEBUG GameApplicationServi - Removing overlay from FXGLStartupScene and adding to FXGLLoadingScene
09:01:51.562 [JavaFX Application Thread] DEBUG PrimaryStageWindow   - FXGLStartupScene -> FXGLLoadingScene
09:01:51.562 [JavaFX Application Thread] DEBUG GameApplicationServi - Clearing previous game
09:01:51.563 [JavaFX Application Thread] DEBUG GameScene            - Clearing game scene
09:01:51.563 [JavaFX Application Thread] DEBUG GameWorld            - Clearing game world
09:01:51.563 [JavaFX Application Thread] DEBUG PhysicsWorld         - Clearing physics world
09:01:51.564 [FXGL Background Thread 4 ] DEBUG FXGLApplication      - Initializing game
09:01:51.567 [FXGL Background Thread 4 ] DEBUG FXGLAssetLoaderServi - Loading from file system: file:/C:/Users/Lucas/IdeaProjects/ipop/target/classes/assets/textures/player.png
09:01:51.571 [FXGL Background Thread 4 ] INFO  FXGLApplication      - Game initialization took: 0,006 sec
09:01:51.592 [JavaFX Application Thread] DEBUG Input                - Clearing active input actions
09:01:51.599 [JavaFX Application Thread] DEBUG GameApplicationServi - Removing overlay from FXGLLoadingScene and adding to GameScene
09:01:51.599 [JavaFX Application Thread] DEBUG PrimaryStageWindow   - FXGLLoadingScene -> GameScene
09:01:54.498 [FXGL Background Thread 3 ] DEBUG Engine               - Logging environment variables
09:01:54.498 [FXGL Background Thread 3 ] DEBUG Engine               - achievements: []
09:01:54.498 [FXGL Background Thread 3 ] DEBUG Engine               - actualHeight: 1080.0
09:01:54.498 [FXGL Background Thread 3 ] DEBUG Engine               - actualHeightProperty: ReadOnlyDoubleProperty [value: 1080.0]
09:01:54.499 [FXGL Background Thread 3 ] DEBUG Engine               - actualWidth: 1920.0
09:01:54.499 [FXGL Background Thread 3 ] DEBUG Engine               - actualWidthProperty: ReadOnlyDoubleProperty [value: 1920.0]
09:01:54.499 [FXGL Background Thread 3 ] DEBUG Engine               - appIcon: fxgl_icon.png
09:01:54.499 [FXGL Background Thread 3 ] DEBUG Engine               - applicationMode: DEVELOPER
09:01:54.499 [FXGL Background Thread 3 ] DEBUG Engine               - cSSList: [fxgl_dark.css]
09:01:54.499 [FXGL Background Thread 3 ] DEBUG Engine               - collisionDetectionStrategy: BRUTE_FORCE
09:01:54.499 [FXGL Background Thread 3 ] DEBUG Engine               - configClass: Optional.empty
09:01:54.499 [FXGL Background Thread 3 ] DEBUG Engine               - credits: []
09:01:54.500 [FXGL Background Thread 3 ] DEBUG Engine               - devBBoxColorProperty: ObjectProperty [value: 0xff0000ff]
09:01:54.500 [FXGL Background Thread 3 ] DEBUG Engine               - devEnableDebugCameraProperty: BooleanProperty [value: false]
09:01:54.500 [FXGL Background Thread 3 ] DEBUG Engine               - devSensorColorProperty: ObjectProperty [value: 0xffff00ff]
09:01:54.500 [FXGL Background Thread 3 ] DEBUG Engine               - devShowBBoxProperty: BooleanProperty [value: false]
09:01:54.500 [FXGL Background Thread 3 ] DEBUG Engine               - devShowPositionProperty: BooleanProperty [value: false]
09:01:54.500 [FXGL Background Thread 3 ] DEBUG Engine               - enabledMenuItems: []
09:01:54.500 [FXGL Background Thread 3 ] DEBUG Engine               - engineServices: [class com.almasb.fxgl.app.services.FXGLAssetLoaderService, class com.almasb.fxgl.app.FXGLApplication$GameApplicationService, class com.almasb.fxgl.app.services.FXGLDialogService, class com.almasb.fxgl.app.services.IOTaskExecutorService, class com.almasb.fxgl.event.EventBusService, class com.almasb.fxgl.io.FileSystemService, class com.almasb.fxgl.localization.LocalizationService, class com.almasb.fxgl.app.services.SystemBundleService, class com.almasb.fxgl.profile.SaveLoadService, class com.almasb.fxgl.ui.FXGLUIFactoryServiceProvider, class com.almasb.fxgl.ui.FXGLDialogFactoryServiceProvider, class com.almasb.fxgl.audio.AudioPlayer, class com.almasb.fxgl.notification.impl.NotificationServiceProvider, class com.almasb.fxgl.achievement.AchievementService, class com.almasb.fxgl.cutscene.CutsceneService, class com.almasb.fxgl.minigames.MiniGameService, class com.almasb.fxgl.net.NetService, class com.almasb.fxgl.app.services.UpdaterService, class com.almasb.fxgl.dev.DevService]
09:01:54.501 [FXGL Background Thread 3 ] DEBUG Engine               - fontGame: Abel-Regular.ttf
09:01:54.501 [FXGL Background Thread 3 ] DEBUG Engine               - fontMono: lucida_console.ttf
09:01:54.501 [FXGL Background Thread 3 ] DEBUG Engine               - fontText: Courier-Prime.ttf
09:01:54.501 [FXGL Background Thread 3 ] DEBUG Engine               - fontUI: VarelaRound-Regular.ttf
09:01:54.501 [FXGL Background Thread 3 ] DEBUG Engine               - fullScreen: BooleanProperty [value: false]
09:01:54.501 [FXGL Background Thread 3 ] DEBUG Engine               - gameDifficulty: MEDIUM
09:01:54.501 [FXGL Background Thread 3 ] DEBUG Engine               - gameDifficultyProperty: ObjectProperty [value: MEDIUM]
09:01:54.501 [FXGL Background Thread 3 ] DEBUG Engine               - globalMusicVolume: 0.5
09:01:54.502 [FXGL Background Thread 3 ] DEBUG Engine               - globalMusicVolumeProperty: DoubleProperty [value: 0.5]
09:01:54.502 [FXGL Background Thread 3 ] DEBUG Engine               - globalSoundVolume: 0.5
09:01:54.502 [FXGL Background Thread 3 ] DEBUG Engine               - globalSoundVolumeProperty: DoubleProperty [value: 0.5]
09:01:54.502 [FXGL Background Thread 3 ] DEBUG Engine               - height: 1080
09:01:54.502 [FXGL Background Thread 3 ] DEBUG Engine               - isAndroid: false
09:01:54.502 [FXGL Background Thread 3 ] DEBUG Engine               - isBrowser: false
09:01:54.502 [FXGL Background Thread 3 ] DEBUG Engine               - isClickFeedbackEnabled: false
09:01:54.502 [FXGL Background Thread 3 ] DEBUG Engine               - isCloseConfirmation: false
09:01:54.502 [FXGL Background Thread 3 ] DEBUG Engine               - isDesktop: true
09:01:54.502 [FXGL Background Thread 3 ] DEBUG Engine               - isDeveloperMenuEnabled: false
09:01:54.502 [FXGL Background Thread 3 ] DEBUG Engine               - isEntityPreloadEnabled: true
09:01:54.503 [FXGL Background Thread 3 ] DEBUG Engine               - isExperimental3D: false
09:01:54.503 [FXGL Background Thread 3 ] DEBUG Engine               - isExperimentalNative: false
09:01:54.503 [FXGL Background Thread 3 ] DEBUG Engine               - isExperimentalTiledLargeMap: false
09:01:54.503 [FXGL Background Thread 3 ] DEBUG Engine               - isFileSystemWriteAllowed: true
09:01:54.503 [FXGL Background Thread 3 ] DEBUG Engine               - isFullScreenAllowed: false
09:01:54.503 [FXGL Background Thread 3 ] DEBUG Engine               - isFullScreenFromStart: false
09:01:54.503 [FXGL Background Thread 3 ] DEBUG Engine               - isGameMenuEnabled: true
09:01:54.503 [FXGL Background Thread 3 ] DEBUG Engine               - isIOS: false
09:01:54.503 [FXGL Background Thread 3 ] DEBUG Engine               - isIntroEnabled: false
09:01:54.503 [FXGL Background Thread 3 ] DEBUG Engine               - isLinux: false
09:01:54.503 [FXGL Background Thread 3 ] DEBUG Engine               - isMac: false
09:01:54.504 [FXGL Background Thread 3 ] DEBUG Engine               - isMainMenuEnabled: false
09:01:54.504 [FXGL Background Thread 3 ] DEBUG Engine               - isManualResizeEnabled: false
09:01:54.504 [FXGL Background Thread 3 ] DEBUG Engine               - isMobile: false
09:01:54.504 [FXGL Background Thread 3 ] DEBUG Engine               - isPreserveResizeRatio: false
09:01:54.504 [FXGL Background Thread 3 ] DEBUG Engine               - isProfilingEnabled: false
09:01:54.504 [FXGL Background Thread 3 ] DEBUG Engine               - isScaleAffectedOnResize: true
09:01:54.504 [FXGL Background Thread 3 ] DEBUG Engine               - isSingleStep: false
09:01:54.504 [FXGL Background Thread 3 ] DEBUG Engine               - isUserProfileEnabled: false
09:01:54.504 [FXGL Background Thread 3 ] DEBUG Engine               - isWindows: true
09:01:54.504 [FXGL Background Thread 3 ] DEBUG Engine               - language: ObjectProperty [value: ENGLISH]
09:01:54.505 [FXGL Background Thread 3 ] DEBUG Engine               - menuKey: ESCAPE
09:01:54.505 [FXGL Background Thread 3 ] DEBUG Engine               - notificationViewClass: class com.almasb.fxgl.notification.view.XboxNotificationView
09:01:54.505 [FXGL Background Thread 3 ] DEBUG Engine               - pixelsPerMeter: 50.0
09:01:54.505 [FXGL Background Thread 3 ] DEBUG Engine               - platform: WINDOWS
09:01:54.505 [FXGL Background Thread 3 ] DEBUG Engine               - prefHeightProperty: ReadOnlyDoubleProperty [value: 1080.0]
09:01:54.505 [FXGL Background Thread 3 ] DEBUG Engine               - prefWidthProperty: ReadOnlyDoubleProperty [value: 1920.0]
09:01:54.505 [FXGL Background Thread 3 ] DEBUG Engine               - profileDir: profiles/
09:01:54.505 [FXGL Background Thread 3 ] DEBUG Engine               - profileName: StringProperty [value: DEFAULT]
09:01:54.505 [FXGL Background Thread 3 ] DEBUG Engine               - randomSeed: -1
09:01:54.505 [FXGL Background Thread 3 ] DEBUG Engine               - runtimeInfo: RuntimeInfo(platform=WINDOWS, version=11.14, build=01.03.2021 16.59)
09:01:54.505 [FXGL Background Thread 3 ] DEBUG Engine               - saveFileExt: sav
09:01:54.506 [FXGL Background Thread 3 ] DEBUG Engine               - scaledHeightProp$fxgl: DoubleProperty [bound, value: 1080.0]
09:01:54.506 [FXGL Background Thread 3 ] DEBUG Engine               - scaledWidthProp$fxgl: DoubleProperty [bound, value: 1920.0]
09:01:54.506 [FXGL Background Thread 3 ] DEBUG Engine               - sceneFactory: com.almasb.fxgl.app.scene.SceneFactory@6ae45c79
09:01:54.506 [FXGL Background Thread 3 ] DEBUG Engine               - secondsIn24h: 60
09:01:54.506 [FXGL Background Thread 3 ] DEBUG Engine               - soundMenuBack: menu/back.wav
09:01:54.506 [FXGL Background Thread 3 ] DEBUG Engine               - soundMenuPress: menu/press.wav
09:01:54.506 [FXGL Background Thread 3 ] DEBUG Engine               - soundMenuSelect: menu/select.wav
09:01:54.506 [FXGL Background Thread 3 ] DEBUG Engine               - soundNotification: core/notification.wav
09:01:54.506 [FXGL Background Thread 3 ] DEBUG Engine               - stageStyle: DECORATED
09:01:54.506 [FXGL Background Thread 3 ] DEBUG Engine               - supportedLanguages: [ENGLISH, FRENCH, GERMAN, HUNGARIAN, RUSSIAN]
09:01:54.506 [FXGL Background Thread 3 ] DEBUG Engine               - ticksPerSecond: -1
09:01:54.506 [FXGL Background Thread 3 ] DEBUG Engine               - title: Prince of Jank
09:01:54.507 [FXGL Background Thread 3 ] DEBUG Engine               - urlGithub: https://github.com/AlmasB/FXGL
09:01:54.507 [FXGL Background Thread 3 ] DEBUG Engine               - urlLeaderboard: http://fxgl-top.herokuapp.com/
09:01:54.507 [FXGL Background Thread 3 ] DEBUG Engine               - urlPOM: https://raw.githubusercontent.com/AlmasB/FXGL/release/README.md
09:01:54.507 [FXGL Background Thread 3 ] DEBUG Engine               - userAppClass: class Game
09:01:54.507 [FXGL Background Thread 3 ] DEBUG Engine               - version: 0.1.2
09:01:54.507 [FXGL Background Thread 3 ] DEBUG Engine               - versionCheckDays: 7
09:01:54.507 [FXGL Background Thread 3 ] DEBUG Engine               - width: 1920
09:01:54.507 [FXGL Background Thread 3 ] DEBUG Engine               - Logging services
09:01:54.507 [FXGL Background Thread 3 ] DEBUG Engine               - class com.almasb.fxgl.app.services.FXGLAssetLoaderService
09:01:54.507 [FXGL Background Thread 3 ] DEBUG Engine               - class com.almasb.fxgl.app.FXGLApplication$GameApplicationService
09:01:54.507 [FXGL Background Thread 3 ] DEBUG Engine               - class com.almasb.fxgl.app.services.FXGLDialogService
09:01:54.507 [FXGL Background Thread 3 ] DEBUG Engine               - class com.almasb.fxgl.app.services.IOTaskExecutorService
09:01:54.507 [FXGL Background Thread 3 ] DEBUG Engine               - class com.almasb.fxgl.event.EventBusService
09:01:54.508 [FXGL Background Thread 3 ] DEBUG Engine               - class com.almasb.fxgl.io.FileSystemService
09:01:54.508 [FXGL Background Thread 3 ] DEBUG Engine               - class com.almasb.fxgl.localization.LocalizationService
09:01:54.508 [FXGL Background Thread 3 ] DEBUG Engine               - class com.almasb.fxgl.app.services.SystemBundleService
09:01:54.508 [FXGL Background Thread 3 ] DEBUG Engine               - class com.almasb.fxgl.profile.SaveLoadService
09:01:54.508 [FXGL Background Thread 3 ] DEBUG Engine               - class com.almasb.fxgl.ui.FXGLUIFactoryServiceProvider
09:01:54.508 [FXGL Background Thread 3 ] DEBUG Engine               - class com.almasb.fxgl.ui.FXGLDialogFactoryServiceProvider
09:01:54.508 [FXGL Background Thread 3 ] DEBUG Engine               - class com.almasb.fxgl.audio.AudioPlayer
09:01:54.508 [FXGL Background Thread 3 ] DEBUG Engine               - class com.almasb.fxgl.notification.impl.NotificationServiceProvider
09:01:54.508 [FXGL Background Thread 3 ] DEBUG Engine               - class com.almasb.fxgl.achievement.AchievementService
09:01:54.508 [FXGL Background Thread 3 ] DEBUG Engine               - class com.almasb.fxgl.cutscene.CutsceneService
09:01:54.509 [FXGL Background Thread 3 ] DEBUG Engine               - class com.almasb.fxgl.minigames.MiniGameService
09:01:54.509 [FXGL Background Thread 3 ] DEBUG Engine               - class com.almasb.fxgl.net.NetService
09:01:54.509 [FXGL Background Thread 3 ] DEBUG Engine               - class com.almasb.fxgl.app.services.UpdaterService
09:01:54.509 [FXGL Background Thread 3 ] DEBUG Engine               - class com.almasb.fxgl.dev.DevService
09:01:54.844 [JavaFX Application Thread] DEBUG FXGLApplication      - Exiting FXGL
09:01:54.844 [JavaFX Application Thread] DEBUG LoopRunner           - Stopping loop
09:01:54.845 [JavaFX Application Thread] DEBUG SystemBundleService  - Saving FXGL system data
09:01:54.846 [JavaFX Application Thread] DEBUG FileSystemAccess     - Writing to: C:\Users\Lucas\IdeaProjects\ipop\system\fxgl.bundle
09:01:54.847 [JavaFX Application Thread] DEBUG Async                - Shutting down background threads
09:01:54.847 [JavaFX Application Thread] DEBUG PrimaryStageWindow   - Closing main window
09:01:54.854 [JavaFX Application Thread] DEBUG Logger               - Closing Logger
