13:09:58.677 [main                     ] DEBUG Logger               - Configured Logger
13:09:58.689 [main                     ] DEBUG GameApplication      - Logging settings
Title: Prince of Jank
Version: 0.1.1
Width: 1920
Height: 1080
Fullscreen: false
Intro: false
Profiling: false
Single step:false
App Mode: DEVELOPER
Menu Key: ESCAPE
Stage Style: DECORATED
Scene Factory: class com.almasb.fxgl.app.scene.SceneFactory

13:09:59.051 [JavaFX Application Thread] DEBUG FXGLApplication      - Initializing FXGL
13:09:59.053 [JavaFX Application Thread] INFO  Engine               - FXGL-11.14 (01.03.2021 16.59) on WINDOWS (J:15.0.2 FX:15)
13:09:59.053 [JavaFX Application Thread] DEBUG Engine               - JRE Vendor Name: Oracle Corporation
13:09:59.053 [JavaFX Application Thread] DEBUG Engine               - Running on OS: Windows 10 version 10.0
13:09:59.054 [JavaFX Application Thread] DEBUG Engine               - Architecture: amd64
13:09:59.054 [JavaFX Application Thread] INFO  Engine               - Source code and latest versions at: https://github.com/AlmasB/FXGL
13:09:59.054 [JavaFX Application Thread] INFO  Engine               -              Join the FXGL chat at: https://gitter.im/AlmasB/FXGL
13:09:59.145 [JavaFX Application Thread] DEBUG PrimaryStageWindow   - Creating a JavaFX scene
13:09:59.185 [JavaFX Application Thread] DEBUG PrimaryStageWindow   - Target settings size: 1920.0 x 1080.0
13:09:59.186 [JavaFX Application Thread] DEBUG PrimaryStageWindow   - Scaled scene size:    1920.0 x 1080.0
13:09:59.186 [JavaFX Application Thread] DEBUG PrimaryStageWindow   - Scaled ratio: (1.0, 1.0)
13:09:59.187 [JavaFX Application Thread] DEBUG PrimaryStageWindow   - Set initial scene to FXGLStartupScene
13:09:59.192 [JavaFX Application Thread] DEBUG PrimaryStageWindow   - Opening main window
13:09:59.260 [JavaFX Application Thread] DEBUG PrimaryStageWindow   - Window border size: (16.0, 39.0)
13:09:59.260 [JavaFX Application Thread] DEBUG PrimaryStageWindow   - Scaled size: 1920.0 x 1080.0
13:09:59.260 [JavaFX Application Thread] DEBUG PrimaryStageWindow   - Scaled ratio: (1.0, 1.0)
13:09:59.261 [JavaFX Application Thread] DEBUG PrimaryStageWindow   - Scene size: 1920.0 x 1080.0
13:09:59.261 [JavaFX Application Thread] DEBUG PrimaryStageWindow   - Stage size: 1936.0 x 1119.0
13:09:59.268 [FXGL Background Thread 1 ] DEBUG Engine               - Initializing environment variables
13:09:59.290 [FXGL Background Thread 1 ] DEBUG FXGLAssetLoaderServi - User app class for loading assets: class Game
13:09:59.290 [FXGL Background Thread 1 ] DEBUG GameApplicationServi - Applying CSS: fxgl_dark.css
13:09:59.290 [FXGL Background Thread 1 ] DEBUG FXGLAssetLoaderServi - Loading from file system: jar:file:/C:/Users/Lucas/.m2/repository/com/github/almasb/fxgl/11.14/fxgl-11.14.jar!/fxglassets/ui/css/fxgl_dark.css
13:09:59.322 [FXGL Background Thread 1 ] DEBUG GameApplicationServi - Initializing application scenes
13:09:59.345 [FXGL Background Thread 1 ] DEBUG GameWorld            - Game world initialized
13:09:59.389 [FXGL Background Thread 1 ] DEBUG PhysicsWorld         - Physics world initialized: appHeight=1080, physics.ppm=50,0
13:09:59.389 [FXGL Background Thread 1 ] DEBUG PhysicsWorld         - Using strategy: BRUTE_FORCE
13:09:59.391 [FXGL Background Thread 1 ] DEBUG GameScene            - Game scene initialized: 1920x1080
13:09:59.417 [FXGL Background Thread 1 ] DEBUG FXGLAssetLoaderServi - Loading from file system: jar:file:/C:/Users/Lucas/.m2/repository/com/github/almasb/fxgl/11.14/fxgl-11.14.jar!/fxglassets/textures/particles/trace_horizontal.png
13:09:59.464 [FXGL Background Thread 1 ] DEBUG FXGL.DefaultMenu     - createMenuBodyMainMenu()
13:09:59.475 [FXGL Background Thread 1 ] DEBUG FXGL.DefaultMenu     - createOptionsMenu()
13:09:59.479 [FXGL Background Thread 1 ] DEBUG FXGLAssetLoaderServi - Loading from file system: jar:file:/C:/Users/Lucas/.m2/repository/com/github/almasb/fxgl/11.14/fxgl-11.14.jar!/fxglassets/textures/particles/smoke.png
13:09:59.520 [FXGL Background Thread 1 ] DEBUG FXGL.DefaultMenu     - createMenuBodyGameMenu()
13:09:59.521 [FXGL Background Thread 1 ] DEBUG FXGL.DefaultMenu     - createOptionsMenu()
13:09:59.534 [FXGL Background Thread 1 ] DEBUG GameApplicationServi - Application scenes initialized
13:09:59.542 [FXGL Background Thread 1 ] DEBUG SystemBundleService  - Loading FXGL system data
13:09:59.545 [FXGL Background Thread 1 ] DEBUG FileSystemAccess     - Reading from: C:\Users\Lucas\IdeaProjects\ipop\system\fxgl.bundle
13:09:59.549 [FXGL Background Thread 1 ] DEBUG SystemBundleService  - Bundle FXGL: {}
13:09:59.550 [FXGL Background Thread 1 ] DEBUG UpdaterService       - Checking for updates
13:09:59.553 [FXGL Background Thread 4 ] DEBUG FXGLApplication      - Loading fonts
13:09:59.554 [FXGL Background Thread 1 ] DEBUG FXGLApplication      - Loading default localization
13:09:59.554 [FXGL Background Thread 4 ] DEBUG FXGLAssetLoaderServi - Loading from file system: jar:file:/C:/Users/Lucas/.m2/repository/com/github/almasb/fxgl/11.14/fxgl-11.14.jar!/fxglassets/ui/fonts/VarelaRound-Regular.ttf
13:09:59.554 [FXGL Background Thread 1 ] DEBUG FXGLAssetLoaderServi - Loading from file system: jar:file:/C:/Users/Lucas/.m2/repository/com/github/almasb/fxgl/11.14/fxgl-11.14.jar!/fxglassets/languages/english.lang
13:09:59.568 [FXGL Background Thread 1 ] INFO  FXGLApplication      - FXGL initialization took: 0,300 sec
13:09:59.577 [JavaFX Application Thread] DEBUG Input                - Registered new binding: action0 - D
13:09:59.578 [JavaFX Application Thread] DEBUG Input                - Registered new binding: action1 - A
13:09:59.578 [JavaFX Application Thread] DEBUG Input                - Registered new binding: action2 - S
13:09:59.579 [JavaFX Application Thread] DEBUG Input                - Registered new binding: action3 - W
13:09:59.580 [JavaFX Application Thread] DEBUG FXGLAssetLoaderServi - Loading from file system: jar:file:/C:/Users/Lucas/.m2/repository/com/github/almasb/fxgl/11.14/fxgl-11.14.jar!/fxglassets/textures/fxgl_icon.png
13:09:59.594 [JavaFX Application Thread] DEBUG FXGLAssetLoaderServi - Loading from file system: jar:file:/C:/Users/Lucas/.m2/repository/com/github/almasb/fxgl/11.14/fxgl-11.14.jar!/fxglassets/ui/cursors/fxgl_default.png
13:09:59.595 [JavaFX Application Thread] DEBUG Input                - Registered new binding: Screenshot - P
13:09:59.596 [JavaFX Application Thread] DEBUG Input                - Registered new binding: System info dump - CTRL+9
13:09:59.596 [JavaFX Application Thread] DEBUG Input                - Registered new binding: Restart - CTRL+R
13:09:59.597 [JavaFX Application Thread] DEBUG Input                - Registered new binding: Toggle Debug Camera - CTRL+C
13:09:59.599 [JavaFX Application Thread] DEBUG LoopRunner           - Starting loop
13:09:59.599 [JavaFX Application Thread] DEBUG LoopRunner           - Initializing JavaFX AnimationTimerLoop
13:09:59.601 [JavaFX Application Thread] DEBUG Input                - Clearing active input actions
13:09:59.604 [FXGL Background Thread 4 ] DEBUG FXGLAssetLoaderServi - Loading from file system: jar:file:/C:/Users/Lucas/.m2/repository/com/github/almasb/fxgl/11.14/fxgl-11.14.jar!/fxglassets/ui/fonts/Abel-Regular.ttf
13:09:59.608 [FXGL Background Thread 4 ] DEBUG FXGLAssetLoaderServi - Loading from file system: jar:file:/C:/Users/Lucas/.m2/repository/com/github/almasb/fxgl/11.14/fxgl-11.14.jar!/fxglassets/ui/fonts/lucida_console.ttf
13:09:59.608 [JavaFX Application Thread] DEBUG GameApplicationServi - Removing overlay from FXGLStartupScene and adding to FXGLMainMenuDummyScene
13:09:59.608 [JavaFX Application Thread] DEBUG PrimaryStageWindow   - FXGLStartupScene -> FXGLMainMenuDummyScene
13:09:59.609 [JavaFX Application Thread] DEBUG PrimaryStageWindow   - Push state: FXGLDefaultMenu
13:09:59.613 [FXGL Background Thread 4 ] DEBUG FXGLAssetLoaderServi - Loading from file system: jar:file:/C:/Users/Lucas/.m2/repository/com/github/almasb/fxgl/11.14/fxgl-11.14.jar!/fxglassets/ui/fonts/Courier-Prime.ttf
13:09:59.613 [JavaFX Application Thread] DEBUG Input                - Clearing active input actions
13:09:59.622 [JavaFX Application Thread] DEBUG GameApplicationServi - Removing overlay from FXGLMainMenuDummyScene and adding to FXGLDefaultMenu
13:09:59.622 [JavaFX Application Thread] DEBUG PrimaryStageWindow   - FXGLMainMenuDummyScene -> FXGLDefaultMenu
13:09:59.688 [JavaFX Application Thread] DEBUG FXGLApplication      - Registering font factories with UI factory
13:10:02.553 [FXGL Background Thread 3 ] DEBUG Engine               - Logging environment variables
13:10:02.553 [FXGL Background Thread 3 ] DEBUG Engine               - achievements: []
13:10:02.554 [FXGL Background Thread 3 ] DEBUG Engine               - actualHeight: 1080.0
13:10:02.554 [FXGL Background Thread 3 ] DEBUG Engine               - actualHeightProperty: ReadOnlyDoubleProperty [value: 1080.0]
13:10:02.554 [FXGL Background Thread 3 ] DEBUG Engine               - actualWidth: 1920.0
13:10:02.554 [FXGL Background Thread 3 ] DEBUG Engine               - actualWidthProperty: ReadOnlyDoubleProperty [value: 1920.0]
13:10:02.554 [FXGL Background Thread 3 ] DEBUG Engine               - appIcon: fxgl_icon.png
13:10:02.554 [FXGL Background Thread 3 ] DEBUG Engine               - applicationMode: DEVELOPER
13:10:02.554 [FXGL Background Thread 3 ] DEBUG Engine               - cSSList: [fxgl_dark.css]
13:10:02.555 [FXGL Background Thread 3 ] DEBUG Engine               - collisionDetectionStrategy: BRUTE_FORCE
13:10:02.555 [FXGL Background Thread 3 ] DEBUG Engine               - configClass: Optional.empty
13:10:02.555 [FXGL Background Thread 3 ] DEBUG Engine               - credits: []
13:10:02.555 [FXGL Background Thread 3 ] DEBUG Engine               - devBBoxColorProperty: ObjectProperty [value: 0xff0000ff]
13:10:02.555 [FXGL Background Thread 3 ] DEBUG Engine               - devEnableDebugCameraProperty: BooleanProperty [value: false]
13:10:02.556 [FXGL Background Thread 3 ] DEBUG Engine               - devSensorColorProperty: ObjectProperty [value: 0xffff00ff]
13:10:02.556 [FXGL Background Thread 3 ] DEBUG Engine               - devShowBBoxProperty: BooleanProperty [value: false]
13:10:02.556 [FXGL Background Thread 3 ] DEBUG Engine               - devShowPositionProperty: BooleanProperty [value: false]
13:10:02.556 [FXGL Background Thread 3 ] DEBUG Engine               - enabledMenuItems: []
13:10:02.556 [FXGL Background Thread 3 ] DEBUG Engine               - engineServices: [class com.almasb.fxgl.app.services.FXGLAssetLoaderService, class com.almasb.fxgl.app.FXGLApplication$GameApplicationService, class com.almasb.fxgl.app.services.FXGLDialogService, class com.almasb.fxgl.app.services.IOTaskExecutorService, class com.almasb.fxgl.event.EventBusService, class com.almasb.fxgl.io.FileSystemService, class com.almasb.fxgl.localization.LocalizationService, class com.almasb.fxgl.app.services.SystemBundleService, class com.almasb.fxgl.profile.SaveLoadService, class com.almasb.fxgl.ui.FXGLUIFactoryServiceProvider, class com.almasb.fxgl.ui.FXGLDialogFactoryServiceProvider, class com.almasb.fxgl.audio.AudioPlayer, class com.almasb.fxgl.notification.impl.NotificationServiceProvider, class com.almasb.fxgl.achievement.AchievementService, class com.almasb.fxgl.cutscene.CutsceneService, class com.almasb.fxgl.minigames.MiniGameService, class com.almasb.fxgl.net.NetService, class com.almasb.fxgl.app.services.UpdaterService, class com.almasb.fxgl.dev.DevService]
13:10:02.556 [FXGL Background Thread 3 ] DEBUG Engine               - fontGame: Abel-Regular.ttf
13:10:02.556 [FXGL Background Thread 3 ] DEBUG Engine               - fontMono: lucida_console.ttf
13:10:02.556 [FXGL Background Thread 3 ] DEBUG Engine               - fontText: Courier-Prime.ttf
13:10:02.556 [FXGL Background Thread 3 ] DEBUG Engine               - fontUI: VarelaRound-Regular.ttf
13:10:02.556 [FXGL Background Thread 3 ] DEBUG Engine               - fullScreen: BooleanProperty [value: false]
13:10:02.557 [FXGL Background Thread 3 ] DEBUG Engine               - gameDifficulty: MEDIUM
13:10:02.557 [FXGL Background Thread 3 ] DEBUG Engine               - gameDifficultyProperty: ObjectProperty [value: MEDIUM]
13:10:02.557 [FXGL Background Thread 3 ] DEBUG Engine               - globalMusicVolume: 0.5
13:10:02.557 [FXGL Background Thread 3 ] DEBUG Engine               - globalMusicVolumeProperty: DoubleProperty [value: 0.5]
13:10:02.557 [FXGL Background Thread 3 ] DEBUG Engine               - globalSoundVolume: 0.5
13:10:02.557 [FXGL Background Thread 3 ] DEBUG Engine               - globalSoundVolumeProperty: DoubleProperty [value: 0.5]
13:10:02.557 [FXGL Background Thread 3 ] DEBUG Engine               - height: 1080
13:10:02.557 [FXGL Background Thread 3 ] DEBUG Engine               - isAndroid: false
13:10:02.558 [FXGL Background Thread 3 ] DEBUG Engine               - isBrowser: false
13:10:02.558 [FXGL Background Thread 3 ] DEBUG Engine               - isClickFeedbackEnabled: false
13:10:02.558 [FXGL Background Thread 3 ] DEBUG Engine               - isCloseConfirmation: false
13:10:02.558 [FXGL Background Thread 3 ] DEBUG Engine               - isDesktop: true
13:10:02.558 [FXGL Background Thread 3 ] DEBUG Engine               - isDeveloperMenuEnabled: false
13:10:02.558 [FXGL Background Thread 3 ] DEBUG Engine               - isEntityPreloadEnabled: true
13:10:02.558 [FXGL Background Thread 3 ] DEBUG Engine               - isExperimental3D: false
13:10:02.558 [FXGL Background Thread 3 ] DEBUG Engine               - isExperimentalNative: false
13:10:02.558 [FXGL Background Thread 3 ] DEBUG Engine               - isExperimentalTiledLargeMap: false
13:10:02.558 [FXGL Background Thread 3 ] DEBUG Engine               - isFileSystemWriteAllowed: true
13:10:02.558 [FXGL Background Thread 3 ] DEBUG Engine               - isFullScreenAllowed: false
13:10:02.558 [FXGL Background Thread 3 ] DEBUG Engine               - isFullScreenFromStart: false
13:10:02.559 [FXGL Background Thread 3 ] DEBUG Engine               - isGameMenuEnabled: true
13:10:02.559 [FXGL Background Thread 3 ] DEBUG Engine               - isIOS: false
13:10:02.559 [FXGL Background Thread 3 ] DEBUG Engine               - isIntroEnabled: false
13:10:02.559 [FXGL Background Thread 3 ] DEBUG Engine               - isLinux: false
13:10:02.559 [FXGL Background Thread 3 ] DEBUG Engine               - isMac: false
13:10:02.559 [FXGL Background Thread 3 ] DEBUG Engine               - isMainMenuEnabled: true
13:10:02.559 [FXGL Background Thread 3 ] DEBUG Engine               - isManualResizeEnabled: false
13:10:02.559 [FXGL Background Thread 3 ] DEBUG Engine               - isMobile: false
13:10:02.559 [FXGL Background Thread 3 ] DEBUG Engine               - isPreserveResizeRatio: false
13:10:02.560 [FXGL Background Thread 3 ] DEBUG Engine               - isProfilingEnabled: false
13:10:02.560 [FXGL Background Thread 3 ] DEBUG Engine               - isScaleAffectedOnResize: true
13:10:02.560 [FXGL Background Thread 3 ] DEBUG Engine               - isSingleStep: false
13:10:02.560 [FXGL Background Thread 3 ] DEBUG Engine               - isUserProfileEnabled: false
13:10:02.560 [FXGL Background Thread 3 ] DEBUG Engine               - isWindows: true
13:10:02.560 [FXGL Background Thread 3 ] DEBUG Engine               - language: ObjectProperty [value: ENGLISH]
13:10:02.560 [FXGL Background Thread 3 ] DEBUG Engine               - menuKey: ESCAPE
13:10:02.560 [FXGL Background Thread 3 ] DEBUG Engine               - notificationViewClass: class com.almasb.fxgl.notification.view.XboxNotificationView
13:10:02.561 [FXGL Background Thread 3 ] DEBUG Engine               - pixelsPerMeter: 50.0
13:10:02.561 [FXGL Background Thread 3 ] DEBUG Engine               - platform: WINDOWS
13:10:02.561 [FXGL Background Thread 3 ] DEBUG Engine               - prefHeightProperty: ReadOnlyDoubleProperty [value: 1080.0]
13:10:02.561 [FXGL Background Thread 3 ] DEBUG Engine               - prefWidthProperty: ReadOnlyDoubleProperty [value: 1920.0]
13:10:02.561 [FXGL Background Thread 3 ] DEBUG Engine               - profileDir: profiles/
13:10:02.561 [FXGL Background Thread 3 ] DEBUG Engine               - profileName: StringProperty [value: DEFAULT]
13:10:02.561 [FXGL Background Thread 3 ] DEBUG Engine               - randomSeed: -1
13:10:02.561 [FXGL Background Thread 3 ] DEBUG Engine               - runtimeInfo: RuntimeInfo(platform=WINDOWS, version=11.14, build=01.03.2021 16.59)
13:10:02.561 [FXGL Background Thread 3 ] DEBUG Engine               - saveFileExt: sav
13:10:02.561 [FXGL Background Thread 3 ] DEBUG Engine               - scaledHeightProp$fxgl: DoubleProperty [bound, value: 1080.0]
13:10:02.562 [FXGL Background Thread 3 ] DEBUG Engine               - scaledWidthProp$fxgl: DoubleProperty [bound, value: 1920.0]
13:10:02.562 [FXGL Background Thread 3 ] DEBUG Engine               - sceneFactory: com.almasb.fxgl.app.scene.SceneFactory@196ce1fb
13:10:02.562 [FXGL Background Thread 3 ] DEBUG Engine               - secondsIn24h: 60
13:10:02.562 [FXGL Background Thread 3 ] DEBUG Engine               - soundMenuBack: menu/back.wav
13:10:02.562 [FXGL Background Thread 3 ] DEBUG Engine               - soundMenuPress: menu/press.wav
13:10:02.562 [FXGL Background Thread 3 ] DEBUG Engine               - soundMenuSelect: menu/select.wav
13:10:02.562 [FXGL Background Thread 3 ] DEBUG Engine               - soundNotification: core/notification.wav
13:10:02.562 [FXGL Background Thread 3 ] DEBUG Engine               - stageStyle: DECORATED
13:10:02.562 [FXGL Background Thread 3 ] DEBUG Engine               - supportedLanguages: [ENGLISH, FRENCH, GERMAN, HUNGARIAN, RUSSIAN]
13:10:02.563 [FXGL Background Thread 3 ] DEBUG Engine               - ticksPerSecond: -1
13:10:02.563 [FXGL Background Thread 3 ] DEBUG Engine               - title: Prince of Jank
13:10:02.563 [FXGL Background Thread 3 ] DEBUG Engine               - urlGithub: https://github.com/AlmasB/FXGL
13:10:02.563 [FXGL Background Thread 3 ] DEBUG Engine               - urlLeaderboard: http://fxgl-top.herokuapp.com/
13:10:02.563 [FXGL Background Thread 3 ] DEBUG Engine               - urlPOM: https://raw.githubusercontent.com/AlmasB/FXGL/release/README.md
13:10:02.563 [FXGL Background Thread 3 ] DEBUG Engine               - userAppClass: class Game
13:10:02.563 [FXGL Background Thread 3 ] DEBUG Engine               - version: 0.1.1
13:10:02.563 [FXGL Background Thread 3 ] DEBUG Engine               - versionCheckDays: 7
13:10:02.563 [FXGL Background Thread 3 ] DEBUG Engine               - width: 1920
13:10:02.563 [FXGL Background Thread 3 ] DEBUG Engine               - Logging services
13:10:02.563 [FXGL Background Thread 3 ] DEBUG Engine               - class com.almasb.fxgl.app.services.FXGLAssetLoaderService
13:10:02.564 [FXGL Background Thread 3 ] DEBUG Engine               - class com.almasb.fxgl.app.FXGLApplication$GameApplicationService
13:10:02.564 [FXGL Background Thread 3 ] DEBUG Engine               - class com.almasb.fxgl.app.services.FXGLDialogService
13:10:02.564 [FXGL Background Thread 3 ] DEBUG Engine               - class com.almasb.fxgl.app.services.IOTaskExecutorService
13:10:02.564 [FXGL Background Thread 3 ] DEBUG Engine               - class com.almasb.fxgl.event.EventBusService
13:10:02.564 [FXGL Background Thread 3 ] DEBUG Engine               - class com.almasb.fxgl.io.FileSystemService
13:10:02.564 [FXGL Background Thread 3 ] DEBUG Engine               - class com.almasb.fxgl.localization.LocalizationService
13:10:02.564 [FXGL Background Thread 3 ] DEBUG Engine               - class com.almasb.fxgl.app.services.SystemBundleService
13:10:02.564 [FXGL Background Thread 3 ] DEBUG Engine               - class com.almasb.fxgl.profile.SaveLoadService
13:10:02.564 [FXGL Background Thread 3 ] DEBUG Engine               - class com.almasb.fxgl.ui.FXGLUIFactoryServiceProvider
13:10:02.564 [FXGL Background Thread 3 ] DEBUG Engine               - class com.almasb.fxgl.ui.FXGLDialogFactoryServiceProvider
13:10:02.564 [FXGL Background Thread 3 ] DEBUG Engine               - class com.almasb.fxgl.audio.AudioPlayer
13:10:02.564 [FXGL Background Thread 3 ] DEBUG Engine               - class com.almasb.fxgl.notification.impl.NotificationServiceProvider
13:10:02.564 [FXGL Background Thread 3 ] DEBUG Engine               - class com.almasb.fxgl.achievement.AchievementService
13:10:02.564 [FXGL Background Thread 3 ] DEBUG Engine               - class com.almasb.fxgl.cutscene.CutsceneService
13:10:02.565 [FXGL Background Thread 3 ] DEBUG Engine               - class com.almasb.fxgl.minigames.MiniGameService
13:10:02.565 [FXGL Background Thread 3 ] DEBUG Engine               - class com.almasb.fxgl.net.NetService
13:10:02.565 [FXGL Background Thread 3 ] DEBUG Engine               - class com.almasb.fxgl.app.services.UpdaterService
13:10:02.565 [FXGL Background Thread 3 ] DEBUG Engine               - class com.almasb.fxgl.dev.DevService
13:10:07.354 [JavaFX Application Thread] DEBUG Menu                 - fireExit()
13:10:07.356 [JavaFX Application Thread] DEBUG PrimaryStageWindow   - Push state: DialogSubScene
13:10:07.356 [JavaFX Application Thread] DEBUG Input                - Clearing active input actions
13:10:07.356 [JavaFX Application Thread] DEBUG GameApplicationServi - Removing overlay from FXGLDefaultMenu and adding to DialogSubScene
13:10:07.356 [JavaFX Application Thread] DEBUG PrimaryStageWindow   - FXGLDefaultMenu -> DialogSubScene
13:10:07.924 [JavaFX Application Thread] DEBUG PrimaryStageWindow   - Pop state: DialogSubScene
13:10:07.924 [JavaFX Application Thread] DEBUG Input                - Clearing active input actions
13:10:07.925 [JavaFX Application Thread] DEBUG GameApplicationServi - Removing overlay from DialogSubScene and adding to FXGLDefaultMenu
13:10:07.925 [JavaFX Application Thread] DEBUG PrimaryStageWindow   - FXGLDefaultMenu <- DialogSubScene
13:10:07.925 [JavaFX Application Thread] DEBUG FXGLApplication      - Exiting FXGL
13:10:07.925 [JavaFX Application Thread] DEBUG LoopRunner           - Stopping loop
13:10:07.925 [JavaFX Application Thread] DEBUG SystemBundleService  - Saving FXGL system data
13:10:07.926 [JavaFX Application Thread] DEBUG FileSystemAccess     - Writing to: C:\Users\Lucas\IdeaProjects\ipop\system\fxgl.bundle
13:10:07.927 [JavaFX Application Thread] DEBUG Async                - Shutting down background threads
13:10:07.927 [JavaFX Application Thread] DEBUG PrimaryStageWindow   - Closing main window
13:10:07.936 [JavaFX Application Thread] DEBUG Logger               - Closing Logger
