14:23:01.923 [main                     ] DEBUG Logger               - Configured Logger
14:23:01.935 [main                     ] DEBUG GameApplication      - Logging settings
Title: Prince of Jank
Version: 0.1.1
Width: 1920
Height: 1080
Fullscreen: false
Intro: false
Profiling: false
Single step:false
App Mode: DEVELOPER
Menu Key: ESCAPE
Stage Style: DECORATED
Scene Factory: class com.almasb.fxgl.app.scene.SceneFactory

14:23:02.312 [JavaFX Application Thread] DEBUG FXGLApplication      - Initializing FXGL
14:23:02.313 [JavaFX Application Thread] INFO  Engine               - FXGL-11.14 (01.03.2021 16.59) on WINDOWS (J:15.0.2 FX:15)
14:23:02.314 [JavaFX Application Thread] DEBUG Engine               - JRE Vendor Name: Oracle Corporation
14:23:02.314 [JavaFX Application Thread] DEBUG Engine               - Running on OS: Windows 10 version 10.0
14:23:02.314 [JavaFX Application Thread] DEBUG Engine               - Architecture: amd64
14:23:02.314 [JavaFX Application Thread] INFO  Engine               - Source code and latest versions at: https://github.com/AlmasB/FXGL
14:23:02.314 [JavaFX Application Thread] INFO  Engine               -              Join the FXGL chat at: https://gitter.im/AlmasB/FXGL
14:23:02.410 [JavaFX Application Thread] DEBUG PrimaryStageWindow   - Creating a JavaFX scene
14:23:02.449 [JavaFX Application Thread] DEBUG PrimaryStageWindow   - Target settings size: 1920.0 x 1080.0
14:23:02.449 [JavaFX Application Thread] DEBUG PrimaryStageWindow   - Scaled scene size:    1920.0 x 1080.0
14:23:02.449 [JavaFX Application Thread] DEBUG PrimaryStageWindow   - Scaled ratio: (1.0, 1.0)
14:23:02.450 [JavaFX Application Thread] DEBUG PrimaryStageWindow   - Set initial scene to FXGLStartupScene
14:23:02.456 [JavaFX Application Thread] DEBUG PrimaryStageWindow   - Opening main window
14:23:02.525 [JavaFX Application Thread] DEBUG PrimaryStageWindow   - Window border size: (16.0, 39.0)
14:23:02.525 [JavaFX Application Thread] DEBUG PrimaryStageWindow   - Scaled size: 1920.0 x 1080.0
14:23:02.525 [JavaFX Application Thread] DEBUG PrimaryStageWindow   - Scaled ratio: (1.0, 1.0)
14:23:02.525 [JavaFX Application Thread] DEBUG PrimaryStageWindow   - Scene size: 1920.0 x 1080.0
14:23:02.525 [JavaFX Application Thread] DEBUG PrimaryStageWindow   - Stage size: 1936.0 x 1119.0
14:23:02.531 [FXGL Background Thread 1 ] DEBUG Engine               - Initializing environment variables
14:23:02.554 [FXGL Background Thread 1 ] DEBUG FXGLAssetLoaderServi - User app class for loading assets: class Game
14:23:02.554 [FXGL Background Thread 1 ] DEBUG GameApplicationServi - Applying CSS: fxgl_dark.css
14:23:02.555 [FXGL Background Thread 1 ] DEBUG FXGLAssetLoaderServi - Loading from file system: jar:file:/C:/Users/Lucas/.m2/repository/com/github/almasb/fxgl/11.14/fxgl-11.14.jar!/fxglassets/ui/css/fxgl_dark.css
14:23:02.585 [FXGL Background Thread 1 ] DEBUG GameApplicationServi - Initializing application scenes
14:23:02.612 [FXGL Background Thread 1 ] DEBUG GameWorld            - Game world initialized
14:23:02.659 [FXGL Background Thread 1 ] DEBUG PhysicsWorld         - Physics world initialized: appHeight=1080, physics.ppm=50,0
14:23:02.659 [FXGL Background Thread 1 ] DEBUG PhysicsWorld         - Using strategy: BRUTE_FORCE
14:23:02.661 [FXGL Background Thread 1 ] DEBUG GameScene            - Game scene initialized: 1920x1080
14:23:02.688 [FXGL Background Thread 1 ] DEBUG FXGLAssetLoaderServi - Loading from file system: jar:file:/C:/Users/Lucas/.m2/repository/com/github/almasb/fxgl/11.14/fxgl-11.14.jar!/fxglassets/textures/particles/trace_horizontal.png
14:23:02.735 [FXGL Background Thread 1 ] DEBUG FXGL.DefaultMenu     - createMenuBodyGameMenu()
14:23:02.747 [FXGL Background Thread 1 ] DEBUG FXGL.DefaultMenu     - createOptionsMenu()
14:23:02.751 [FXGL Background Thread 1 ] DEBUG FXGLAssetLoaderServi - Loading from file system: jar:file:/C:/Users/Lucas/.m2/repository/com/github/almasb/fxgl/11.14/fxgl-11.14.jar!/fxglassets/textures/particles/smoke.png
14:23:02.789 [FXGL Background Thread 1 ] DEBUG GameApplicationServi - Application scenes initialized
14:23:02.797 [FXGL Background Thread 1 ] DEBUG SystemBundleService  - Loading FXGL system data
14:23:02.800 [FXGL Background Thread 1 ] DEBUG FileSystemAccess     - Reading from: C:\Users\Lucas\IdeaProjects\ipop\system\fxgl.bundle
14:23:02.804 [FXGL Background Thread 1 ] DEBUG SystemBundleService  - Bundle FXGL: {}
14:23:02.804 [FXGL Background Thread 1 ] DEBUG UpdaterService       - Checking for updates
14:23:02.808 [FXGL Background Thread 4 ] DEBUG FXGLApplication      - Loading fonts
14:23:02.808 [FXGL Background Thread 1 ] DEBUG FXGLApplication      - Loading default localization
14:23:02.809 [FXGL Background Thread 1 ] DEBUG FXGLAssetLoaderServi - Loading from file system: jar:file:/C:/Users/Lucas/.m2/repository/com/github/almasb/fxgl/11.14/fxgl-11.14.jar!/fxglassets/languages/english.lang
14:23:02.809 [FXGL Background Thread 4 ] DEBUG FXGLAssetLoaderServi - Loading from file system: jar:file:/C:/Users/Lucas/.m2/repository/com/github/almasb/fxgl/11.14/fxgl-11.14.jar!/fxglassets/ui/fonts/VarelaRound-Regular.ttf
14:23:02.822 [FXGL Background Thread 1 ] INFO  FXGLApplication      - FXGL initialization took: 0,290 sec
14:23:02.831 [JavaFX Application Thread] DEBUG Input                - Registered new binding: action0 - D
14:23:02.831 [JavaFX Application Thread] DEBUG Input                - Registered new binding: action1 - A
14:23:02.831 [JavaFX Application Thread] DEBUG Input                - Registered new binding: action2 - S
14:23:02.832 [JavaFX Application Thread] DEBUG Input                - Registered new binding: action3 - W
14:23:02.832 [JavaFX Application Thread] DEBUG FXGLAssetLoaderServi - Loading from file system: jar:file:/C:/Users/Lucas/.m2/repository/com/github/almasb/fxgl/11.14/fxgl-11.14.jar!/fxglassets/textures/fxgl_icon.png
14:23:02.849 [JavaFX Application Thread] DEBUG FXGLAssetLoaderServi - Loading from file system: jar:file:/C:/Users/Lucas/.m2/repository/com/github/almasb/fxgl/11.14/fxgl-11.14.jar!/fxglassets/ui/cursors/fxgl_default.png
14:23:02.852 [JavaFX Application Thread] DEBUG Input                - Registered new binding: Screenshot - P
14:23:02.853 [JavaFX Application Thread] DEBUG Input                - Registered new binding: System info dump - CTRL+9
14:23:02.853 [JavaFX Application Thread] DEBUG Input                - Registered new binding: Restart - CTRL+R
14:23:02.854 [JavaFX Application Thread] DEBUG Input                - Registered new binding: Toggle Debug Camera - CTRL+C
14:23:02.856 [JavaFX Application Thread] DEBUG LoopRunner           - Starting loop
14:23:02.856 [JavaFX Application Thread] DEBUG LoopRunner           - Initializing JavaFX AnimationTimerLoop
14:23:02.858 [JavaFX Application Thread] DEBUG GameApplicationServi - Starting new game
14:23:02.858 [JavaFX Application Thread] DEBUG Input                - Clearing active input actions
14:23:02.862 [FXGL Background Thread 4 ] DEBUG FXGLAssetLoaderServi - Loading from file system: jar:file:/C:/Users/Lucas/.m2/repository/com/github/almasb/fxgl/11.14/fxgl-11.14.jar!/fxglassets/ui/fonts/Abel-Regular.ttf
14:23:02.866 [FXGL Background Thread 4 ] DEBUG FXGLAssetLoaderServi - Loading from file system: jar:file:/C:/Users/Lucas/.m2/repository/com/github/almasb/fxgl/11.14/fxgl-11.14.jar!/fxglassets/ui/fonts/lucida_console.ttf
14:23:02.869 [JavaFX Application Thread] DEBUG GameApplicationServi - Removing overlay from FXGLStartupScene and adding to FXGLLoadingScene
14:23:02.869 [JavaFX Application Thread] DEBUG PrimaryStageWindow   - FXGLStartupScene -> FXGLLoadingScene
14:23:02.870 [JavaFX Application Thread] DEBUG GameApplicationServi - Clearing previous game
14:23:02.870 [JavaFX Application Thread] DEBUG GameScene            - Clearing game scene
14:23:02.871 [JavaFX Application Thread] DEBUG GameWorld            - Clearing game world
14:23:02.871 [JavaFX Application Thread] DEBUG PhysicsWorld         - Clearing physics world
14:23:02.872 [FXGL Background Thread 4 ] DEBUG FXGLAssetLoaderServi - Loading from file system: jar:file:/C:/Users/Lucas/.m2/repository/com/github/almasb/fxgl/11.14/fxgl-11.14.jar!/fxglassets/ui/fonts/Courier-Prime.ttf
14:23:02.873 [FXGL Background Thread 1 ] DEBUG FXGLApplication      - Initializing game
14:23:02.875 [FXGL Background Thread 1 ] WARN  FXGLAssetLoaderServi - Asset "/assets/textures/player.png" was not found!
14:23:02.875 [FXGL Background Thread 1 ] WARN  FXGLAssetLoaderServi - Failed to load IMAGE
14:23:02.966 [JavaFX Application Thread] DEBUG FXGLApplication      - Registering font factories with UI factory
14:23:02.977 [FXGL Background Thread 1 ] WARN  FXGLAssetLoaderServi - Asset "/assets/textures/test.png" was not found!
14:23:02.978 [FXGL Background Thread 1 ] WARN  FXGLAssetLoaderServi - Failed to load IMAGE
14:23:02.981 [FXGL Background Thread 1 ] INFO  FXGLApplication      - Game initialization took: 0,108 sec
14:23:02.991 [JavaFX Application Thread] DEBUG Input                - Clearing active input actions
14:23:03.001 [JavaFX Application Thread] DEBUG GameApplicationServi - Removing overlay from FXGLLoadingScene and adding to GameScene
14:23:03.002 [JavaFX Application Thread] DEBUG PrimaryStageWindow   - FXGLLoadingScene -> GameScene
14:23:03.870 [JavaFX Application Thread] DEBUG FXGLApplication      - Exiting FXGL
14:23:03.870 [JavaFX Application Thread] DEBUG LoopRunner           - Stopping loop
14:23:03.870 [JavaFX Application Thread] DEBUG SystemBundleService  - Saving FXGL system data
14:23:03.872 [JavaFX Application Thread] DEBUG FileSystemAccess     - Writing to: C:\Users\Lucas\IdeaProjects\ipop\system\fxgl.bundle
14:23:03.873 [JavaFX Application Thread] DEBUG Async                - Shutting down background threads
14:23:03.873 [JavaFX Application Thread] DEBUG PrimaryStageWindow   - Closing main window
14:23:03.883 [JavaFX Application Thread] DEBUG Logger               - Closing Logger
