10:06:41.219 [main                     ] DEBUG Logger               - Configured Logger
10:06:41.231 [main                     ] DEBUG GameApplication      - Logging settings
Title: Prince of Jank
Version: 0.1.2
Width: 1920
Height: 1080
Fullscreen: false
Intro: false
Profiling: false
Single step:false
App Mode: DEVELOPER
Menu Key: ESCAPE
Stage Style: DECORATED
Scene Factory: class com.almasb.fxgl.app.scene.SceneFactory

10:06:41.587 [JavaFX Application Thread] DEBUG FXGLApplication      - Initializing FXGL
10:06:41.588 [JavaFX Application Thread] INFO  Engine               - FXGL-11.14 (01.03.2021 16.59) on WINDOWS (J:15.0.2 FX:15)
10:06:41.588 [JavaFX Application Thread] DEBUG Engine               - JRE Vendor Name: Oracle Corporation
10:06:41.589 [JavaFX Application Thread] DEBUG Engine               - Running on OS: Windows 10 version 10.0
10:06:41.589 [JavaFX Application Thread] DEBUG Engine               - Architecture: amd64
10:06:41.589 [JavaFX Application Thread] INFO  Engine               - Source code and latest versions at: https://github.com/AlmasB/FXGL
10:06:41.589 [JavaFX Application Thread] INFO  Engine               -              Join the FXGL chat at: https://gitter.im/AlmasB/FXGL
10:06:41.679 [JavaFX Application Thread] DEBUG PrimaryStageWindow   - Creating a JavaFX scene
10:06:41.719 [JavaFX Application Thread] DEBUG PrimaryStageWindow   - Target settings size: 1920.0 x 1080.0
10:06:41.720 [JavaFX Application Thread] DEBUG PrimaryStageWindow   - Scaled scene size:    1920.0 x 1080.0
10:06:41.720 [JavaFX Application Thread] DEBUG PrimaryStageWindow   - Scaled ratio: (1.0, 1.0)
10:06:41.721 [JavaFX Application Thread] DEBUG PrimaryStageWindow   - Set initial scene to FXGLStartupScene
10:06:41.726 [JavaFX Application Thread] DEBUG PrimaryStageWindow   - Opening main window
10:06:41.788 [JavaFX Application Thread] DEBUG PrimaryStageWindow   - Window border size: (16.0, 39.0)
10:06:41.788 [JavaFX Application Thread] DEBUG PrimaryStageWindow   - Scaled size: 1920.0 x 1080.0
10:06:41.788 [JavaFX Application Thread] DEBUG PrimaryStageWindow   - Scaled ratio: (1.0, 1.0)
10:06:41.788 [JavaFX Application Thread] DEBUG PrimaryStageWindow   - Scene size: 1920.0 x 1080.0
10:06:41.788 [JavaFX Application Thread] DEBUG PrimaryStageWindow   - Stage size: 1936.0 x 1119.0
10:06:41.794 [FXGL Background Thread 1 ] DEBUG Engine               - Initializing environment variables
10:06:41.816 [FXGL Background Thread 1 ] DEBUG FXGLAssetLoaderServi - User app class for loading assets: class Game
10:06:41.817 [FXGL Background Thread 1 ] DEBUG GameApplicationServi - Applying CSS: fxgl_dark.css
10:06:41.817 [FXGL Background Thread 1 ] DEBUG FXGLAssetLoaderServi - Loading from file system: jar:file:/C:/Users/Lucas/.m2/repository/com/github/almasb/fxgl/11.14/fxgl-11.14.jar!/fxglassets/ui/css/fxgl_dark.css
10:06:41.849 [FXGL Background Thread 1 ] DEBUG GameApplicationServi - Initializing application scenes
10:06:41.871 [FXGL Background Thread 1 ] DEBUG GameWorld            - Game world initialized
10:06:41.914 [FXGL Background Thread 1 ] DEBUG PhysicsWorld         - Physics world initialized: appHeight=1080, physics.ppm=50,0
10:06:41.914 [FXGL Background Thread 1 ] DEBUG PhysicsWorld         - Using strategy: BRUTE_FORCE
10:06:41.916 [FXGL Background Thread 1 ] DEBUG GameScene            - Game scene initialized: 1920x1080
10:06:41.941 [FXGL Background Thread 1 ] DEBUG FXGLAssetLoaderServi - Loading from file system: jar:file:/C:/Users/Lucas/.m2/repository/com/github/almasb/fxgl/11.14/fxgl-11.14.jar!/fxglassets/textures/particles/trace_horizontal.png
10:06:41.981 [FXGL Background Thread 1 ] DEBUG FXGL.DefaultMenu     - createMenuBodyGameMenu()
10:06:41.999 [FXGL Background Thread 1 ] DEBUG FXGL.DefaultMenu     - createOptionsMenu()
10:06:42.003 [FXGL Background Thread 1 ] DEBUG FXGLAssetLoaderServi - Loading from file system: jar:file:/C:/Users/Lucas/.m2/repository/com/github/almasb/fxgl/11.14/fxgl-11.14.jar!/fxglassets/textures/particles/smoke.png
10:06:42.043 [FXGL Background Thread 1 ] DEBUG GameApplicationServi - Application scenes initialized
10:06:42.052 [FXGL Background Thread 1 ] DEBUG SystemBundleService  - Loading FXGL system data
10:06:42.055 [FXGL Background Thread 1 ] DEBUG FileSystemAccess     - Reading from: C:\Users\Lucas\IdeaProjects\ipop\system\fxgl.bundle
10:06:42.059 [FXGL Background Thread 1 ] DEBUG SystemBundleService  - Bundle FXGL: {}
10:06:42.060 [FXGL Background Thread 1 ] DEBUG UpdaterService       - Checking for updates
10:06:42.063 [FXGL Background Thread 4 ] DEBUG FXGLApplication      - Loading fonts
10:06:42.064 [FXGL Background Thread 1 ] DEBUG FXGLApplication      - Loading default localization
10:06:42.065 [FXGL Background Thread 4 ] DEBUG FXGLAssetLoaderServi - Loading from file system: jar:file:/C:/Users/Lucas/.m2/repository/com/github/almasb/fxgl/11.14/fxgl-11.14.jar!/fxglassets/ui/fonts/VarelaRound-Regular.ttf
10:06:42.065 [FXGL Background Thread 1 ] DEBUG FXGLAssetLoaderServi - Loading from file system: jar:file:/C:/Users/Lucas/.m2/repository/com/github/almasb/fxgl/11.14/fxgl-11.14.jar!/fxglassets/languages/english.lang
10:06:42.077 [FXGL Background Thread 1 ] INFO  FXGLApplication      - FXGL initialization took: 0,284 sec
10:06:42.087 [JavaFX Application Thread] DEBUG Input                - Registered new binding: action0 - Space
10:06:42.087 [JavaFX Application Thread] DEBUG Input                - Registered new binding: action1 - A
10:06:42.088 [JavaFX Application Thread] DEBUG Input                - Registered new binding: action2 - D
10:06:42.088 [JavaFX Application Thread] DEBUG FXGLAssetLoaderServi - Loading from file system: jar:file:/C:/Users/Lucas/.m2/repository/com/github/almasb/fxgl/11.14/fxgl-11.14.jar!/fxglassets/textures/fxgl_icon.png
10:06:42.105 [JavaFX Application Thread] DEBUG FXGLAssetLoaderServi - Loading from file system: jar:file:/C:/Users/Lucas/.m2/repository/com/github/almasb/fxgl/11.14/fxgl-11.14.jar!/fxglassets/ui/cursors/fxgl_default.png
10:06:42.107 [JavaFX Application Thread] DEBUG Input                - Registered new binding: Screenshot - P
10:06:42.107 [JavaFX Application Thread] DEBUG Input                - Registered new binding: System info dump - CTRL+9
10:06:42.108 [JavaFX Application Thread] DEBUG Input                - Registered new binding: Restart - CTRL+R
10:06:42.108 [FXGL Background Thread 4 ] DEBUG FXGLAssetLoaderServi - Loading from file system: jar:file:/C:/Users/Lucas/.m2/repository/com/github/almasb/fxgl/11.14/fxgl-11.14.jar!/fxglassets/ui/fonts/Abel-Regular.ttf
10:06:42.108 [JavaFX Application Thread] DEBUG Input                - Registered new binding: Toggle Debug Camera - CTRL+C
10:06:42.111 [JavaFX Application Thread] DEBUG LoopRunner           - Starting loop
10:06:42.111 [JavaFX Application Thread] DEBUG LoopRunner           - Initializing JavaFX AnimationTimerLoop
10:06:42.112 [FXGL Background Thread 4 ] DEBUG FXGLAssetLoaderServi - Loading from file system: jar:file:/C:/Users/Lucas/.m2/repository/com/github/almasb/fxgl/11.14/fxgl-11.14.jar!/fxglassets/ui/fonts/lucida_console.ttf
10:06:42.112 [JavaFX Application Thread] DEBUG GameApplicationServi - Starting new game
10:06:42.113 [JavaFX Application Thread] DEBUG Input                - Clearing active input actions
10:06:42.118 [FXGL Background Thread 4 ] DEBUG FXGLAssetLoaderServi - Loading from file system: jar:file:/C:/Users/Lucas/.m2/repository/com/github/almasb/fxgl/11.14/fxgl-11.14.jar!/fxglassets/ui/fonts/Courier-Prime.ttf
10:06:42.126 [JavaFX Application Thread] DEBUG GameApplicationServi - Removing overlay from FXGLStartupScene and adding to FXGLLoadingScene
10:06:42.127 [JavaFX Application Thread] DEBUG PrimaryStageWindow   - FXGLStartupScene -> FXGLLoadingScene
10:06:42.127 [JavaFX Application Thread] DEBUG GameApplicationServi - Clearing previous game
10:06:42.127 [JavaFX Application Thread] DEBUG GameScene            - Clearing game scene
10:06:42.127 [JavaFX Application Thread] DEBUG GameWorld            - Clearing game world
10:06:42.127 [JavaFX Application Thread] DEBUG PhysicsWorld         - Clearing physics world
10:06:42.129 [FXGL Background Thread 4 ] DEBUG FXGLApplication      - Initializing game
10:06:42.131 [FXGL Background Thread 4 ] DEBUG FXGLAssetLoaderServi - Loading from file system: file:/C:/Users/Lucas/IdeaProjects/ipop/target/classes/assets/textures/player.png
10:06:42.136 [FXGL Background Thread 4 ] INFO  FXGLApplication      - Game initialization took: 0,007 sec
10:06:42.159 [JavaFX Application Thread] DEBUG FXGLApplication      - Registering font factories with UI factory
10:06:42.162 [JavaFX Application Thread] DEBUG Input                - Clearing active input actions
10:06:42.169 [JavaFX Application Thread] DEBUG GameApplicationServi - Removing overlay from FXGLLoadingScene and adding to GameScene
10:06:42.170 [JavaFX Application Thread] DEBUG PrimaryStageWindow   - FXGLLoadingScene -> GameScene
10:06:45.063 [FXGL Background Thread 3 ] DEBUG Engine               - Logging environment variables
10:06:45.063 [FXGL Background Thread 3 ] DEBUG Engine               - achievements: []
10:06:45.063 [FXGL Background Thread 3 ] DEBUG Engine               - actualHeight: 1080.0
10:06:45.063 [FXGL Background Thread 3 ] DEBUG Engine               - actualHeightProperty: ReadOnlyDoubleProperty [value: 1080.0]
10:06:45.063 [FXGL Background Thread 3 ] DEBUG Engine               - actualWidth: 1920.0
10:06:45.063 [FXGL Background Thread 3 ] DEBUG Engine               - actualWidthProperty: ReadOnlyDoubleProperty [value: 1920.0]
10:06:45.064 [FXGL Background Thread 3 ] DEBUG Engine               - appIcon: fxgl_icon.png
10:06:45.064 [FXGL Background Thread 3 ] DEBUG Engine               - applicationMode: DEVELOPER
10:06:45.064 [FXGL Background Thread 3 ] DEBUG Engine               - cSSList: [fxgl_dark.css]
10:06:45.064 [FXGL Background Thread 3 ] DEBUG Engine               - collisionDetectionStrategy: BRUTE_FORCE
10:06:45.064 [FXGL Background Thread 3 ] DEBUG Engine               - configClass: Optional.empty
10:06:45.064 [FXGL Background Thread 3 ] DEBUG Engine               - credits: []
10:06:45.065 [FXGL Background Thread 3 ] DEBUG Engine               - devBBoxColorProperty: ObjectProperty [value: 0xff0000ff]
10:06:45.065 [FXGL Background Thread 3 ] DEBUG Engine               - devEnableDebugCameraProperty: BooleanProperty [value: false]
10:06:45.065 [FXGL Background Thread 3 ] DEBUG Engine               - devSensorColorProperty: ObjectProperty [value: 0xffff00ff]
10:06:45.065 [FXGL Background Thread 3 ] DEBUG Engine               - devShowBBoxProperty: BooleanProperty [value: false]
10:06:45.065 [FXGL Background Thread 3 ] DEBUG Engine               - devShowPositionProperty: BooleanProperty [value: false]
10:06:45.065 [FXGL Background Thread 3 ] DEBUG Engine               - enabledMenuItems: []
10:06:45.065 [FXGL Background Thread 3 ] DEBUG Engine               - engineServices: [class com.almasb.fxgl.app.services.FXGLAssetLoaderService, class com.almasb.fxgl.app.FXGLApplication$GameApplicationService, class com.almasb.fxgl.app.services.FXGLDialogService, class com.almasb.fxgl.app.services.IOTaskExecutorService, class com.almasb.fxgl.event.EventBusService, class com.almasb.fxgl.io.FileSystemService, class com.almasb.fxgl.localization.LocalizationService, class com.almasb.fxgl.app.services.SystemBundleService, class com.almasb.fxgl.profile.SaveLoadService, class com.almasb.fxgl.ui.FXGLUIFactoryServiceProvider, class com.almasb.fxgl.ui.FXGLDialogFactoryServiceProvider, class com.almasb.fxgl.audio.AudioPlayer, class com.almasb.fxgl.notification.impl.NotificationServiceProvider, class com.almasb.fxgl.achievement.AchievementService, class com.almasb.fxgl.cutscene.CutsceneService, class com.almasb.fxgl.minigames.MiniGameService, class com.almasb.fxgl.net.NetService, class com.almasb.fxgl.app.services.UpdaterService, class com.almasb.fxgl.dev.DevService]
10:06:45.065 [FXGL Background Thread 3 ] DEBUG Engine               - fontGame: Abel-Regular.ttf
10:06:45.066 [FXGL Background Thread 3 ] DEBUG Engine               - fontMono: lucida_console.ttf
10:06:45.066 [FXGL Background Thread 3 ] DEBUG Engine               - fontText: Courier-Prime.ttf
10:06:45.066 [FXGL Background Thread 3 ] DEBUG Engine               - fontUI: VarelaRound-Regular.ttf
10:06:45.066 [FXGL Background Thread 3 ] DEBUG Engine               - fullScreen: BooleanProperty [value: false]
10:06:45.066 [FXGL Background Thread 3 ] DEBUG Engine               - gameDifficulty: MEDIUM
10:06:45.066 [FXGL Background Thread 3 ] DEBUG Engine               - gameDifficultyProperty: ObjectProperty [value: MEDIUM]
10:06:45.066 [FXGL Background Thread 3 ] DEBUG Engine               - globalMusicVolume: 0.5
10:06:45.066 [FXGL Background Thread 3 ] DEBUG Engine               - globalMusicVolumeProperty: DoubleProperty [value: 0.5]
10:06:45.066 [FXGL Background Thread 3 ] DEBUG Engine               - globalSoundVolume: 0.5
10:06:45.067 [FXGL Background Thread 3 ] DEBUG Engine               - globalSoundVolumeProperty: DoubleProperty [value: 0.5]
10:06:45.067 [FXGL Background Thread 3 ] DEBUG Engine               - height: 1080
10:06:45.067 [FXGL Background Thread 3 ] DEBUG Engine               - isAndroid: false
10:06:45.067 [FXGL Background Thread 3 ] DEBUG Engine               - isBrowser: false
10:06:45.067 [FXGL Background Thread 3 ] DEBUG Engine               - isClickFeedbackEnabled: false
10:06:45.067 [FXGL Background Thread 3 ] DEBUG Engine               - isCloseConfirmation: false
10:06:45.067 [FXGL Background Thread 3 ] DEBUG Engine               - isDesktop: true
10:06:45.067 [FXGL Background Thread 3 ] DEBUG Engine               - isDeveloperMenuEnabled: false
10:06:45.067 [FXGL Background Thread 3 ] DEBUG Engine               - isEntityPreloadEnabled: true
10:06:45.067 [FXGL Background Thread 3 ] DEBUG Engine               - isExperimental3D: false
10:06:45.067 [FXGL Background Thread 3 ] DEBUG Engine               - isExperimentalNative: false
10:06:45.067 [FXGL Background Thread 3 ] DEBUG Engine               - isExperimentalTiledLargeMap: false
10:06:45.067 [FXGL Background Thread 3 ] DEBUG Engine               - isFileSystemWriteAllowed: true
10:06:45.068 [FXGL Background Thread 3 ] DEBUG Engine               - isFullScreenAllowed: false
10:06:45.068 [FXGL Background Thread 3 ] DEBUG Engine               - isFullScreenFromStart: false
10:06:45.068 [FXGL Background Thread 3 ] DEBUG Engine               - isGameMenuEnabled: true
10:06:45.068 [FXGL Background Thread 3 ] DEBUG Engine               - isIOS: false
10:06:45.068 [FXGL Background Thread 3 ] DEBUG Engine               - isIntroEnabled: false
10:06:45.068 [FXGL Background Thread 3 ] DEBUG Engine               - isLinux: false
10:06:45.068 [FXGL Background Thread 3 ] DEBUG Engine               - isMac: false
10:06:45.068 [FXGL Background Thread 3 ] DEBUG Engine               - isMainMenuEnabled: false
10:06:45.068 [FXGL Background Thread 3 ] DEBUG Engine               - isManualResizeEnabled: false
10:06:45.068 [FXGL Background Thread 3 ] DEBUG Engine               - isMobile: false
10:06:45.069 [FXGL Background Thread 3 ] DEBUG Engine               - isPreserveResizeRatio: false
10:06:45.069 [FXGL Background Thread 3 ] DEBUG Engine               - isProfilingEnabled: false
10:06:45.069 [FXGL Background Thread 3 ] DEBUG Engine               - isScaleAffectedOnResize: true
10:06:45.069 [FXGL Background Thread 3 ] DEBUG Engine               - isSingleStep: false
10:06:45.069 [FXGL Background Thread 3 ] DEBUG Engine               - isUserProfileEnabled: false
10:06:45.069 [FXGL Background Thread 3 ] DEBUG Engine               - isWindows: true
10:06:45.069 [FXGL Background Thread 3 ] DEBUG Engine               - language: ObjectProperty [value: ENGLISH]
10:06:45.069 [FXGL Background Thread 3 ] DEBUG Engine               - menuKey: ESCAPE
10:06:45.069 [FXGL Background Thread 3 ] DEBUG Engine               - notificationViewClass: class com.almasb.fxgl.notification.view.XboxNotificationView
10:06:45.069 [FXGL Background Thread 3 ] DEBUG Engine               - pixelsPerMeter: 50.0
10:06:45.070 [FXGL Background Thread 3 ] DEBUG Engine               - platform: WINDOWS
10:06:45.070 [FXGL Background Thread 3 ] DEBUG Engine               - prefHeightProperty: ReadOnlyDoubleProperty [value: 1080.0]
10:06:45.070 [FXGL Background Thread 3 ] DEBUG Engine               - prefWidthProperty: ReadOnlyDoubleProperty [value: 1920.0]
10:06:45.070 [FXGL Background Thread 3 ] DEBUG Engine               - profileDir: profiles/
10:06:45.070 [FXGL Background Thread 3 ] DEBUG Engine               - profileName: StringProperty [value: DEFAULT]
10:06:45.070 [FXGL Background Thread 3 ] DEBUG Engine               - randomSeed: -1
10:06:45.070 [FXGL Background Thread 3 ] DEBUG Engine               - runtimeInfo: RuntimeInfo(platform=WINDOWS, version=11.14, build=01.03.2021 16.59)
10:06:45.070 [FXGL Background Thread 3 ] DEBUG Engine               - saveFileExt: sav
10:06:45.070 [FXGL Background Thread 3 ] DEBUG Engine               - scaledHeightProp$fxgl: DoubleProperty [bound, value: 1080.0]
10:06:45.070 [FXGL Background Thread 3 ] DEBUG Engine               - scaledWidthProp$fxgl: DoubleProperty [bound, value: 1920.0]
10:06:45.070 [FXGL Background Thread 3 ] DEBUG Engine               - sceneFactory: com.almasb.fxgl.app.scene.SceneFactory@7a7a86ed
10:06:45.071 [FXGL Background Thread 3 ] DEBUG Engine               - secondsIn24h: 60
10:06:45.071 [FXGL Background Thread 3 ] DEBUG Engine               - soundMenuBack: menu/back.wav
10:06:45.071 [FXGL Background Thread 3 ] DEBUG Engine               - soundMenuPress: menu/press.wav
10:06:45.071 [FXGL Background Thread 3 ] DEBUG Engine               - soundMenuSelect: menu/select.wav
10:06:45.071 [FXGL Background Thread 3 ] DEBUG Engine               - soundNotification: core/notification.wav
10:06:45.071 [FXGL Background Thread 3 ] DEBUG Engine               - stageStyle: DECORATED
10:06:45.071 [FXGL Background Thread 3 ] DEBUG Engine               - supportedLanguages: [ENGLISH, FRENCH, GERMAN, HUNGARIAN, RUSSIAN]
10:06:45.071 [FXGL Background Thread 3 ] DEBUG Engine               - ticksPerSecond: -1
10:06:45.071 [FXGL Background Thread 3 ] DEBUG Engine               - title: Prince of Jank
10:06:45.071 [FXGL Background Thread 3 ] DEBUG Engine               - urlGithub: https://github.com/AlmasB/FXGL
10:06:45.071 [FXGL Background Thread 3 ] DEBUG Engine               - urlLeaderboard: http://fxgl-top.herokuapp.com/
10:06:45.071 [FXGL Background Thread 3 ] DEBUG Engine               - urlPOM: https://raw.githubusercontent.com/AlmasB/FXGL/release/README.md
10:06:45.072 [FXGL Background Thread 3 ] DEBUG Engine               - userAppClass: class Game
10:06:45.072 [FXGL Background Thread 3 ] DEBUG Engine               - version: 0.1.2
10:06:45.072 [FXGL Background Thread 3 ] DEBUG Engine               - versionCheckDays: 7
10:06:45.072 [FXGL Background Thread 3 ] DEBUG Engine               - width: 1920
10:06:45.072 [FXGL Background Thread 3 ] DEBUG Engine               - Logging services
10:06:45.072 [FXGL Background Thread 3 ] DEBUG Engine               - class com.almasb.fxgl.app.services.FXGLAssetLoaderService
10:06:45.072 [FXGL Background Thread 3 ] DEBUG Engine               - class com.almasb.fxgl.app.FXGLApplication$GameApplicationService
10:06:45.072 [FXGL Background Thread 3 ] DEBUG Engine               - class com.almasb.fxgl.app.services.FXGLDialogService
10:06:45.072 [FXGL Background Thread 3 ] DEBUG Engine               - class com.almasb.fxgl.app.services.IOTaskExecutorService
10:06:45.072 [FXGL Background Thread 3 ] DEBUG Engine               - class com.almasb.fxgl.event.EventBusService
10:06:45.072 [FXGL Background Thread 3 ] DEBUG Engine               - class com.almasb.fxgl.io.FileSystemService
10:06:45.073 [FXGL Background Thread 3 ] DEBUG Engine               - class com.almasb.fxgl.localization.LocalizationService
10:06:45.073 [FXGL Background Thread 3 ] DEBUG Engine               - class com.almasb.fxgl.app.services.SystemBundleService
10:06:45.073 [FXGL Background Thread 3 ] DEBUG Engine               - class com.almasb.fxgl.profile.SaveLoadService
10:06:45.073 [FXGL Background Thread 3 ] DEBUG Engine               - class com.almasb.fxgl.ui.FXGLUIFactoryServiceProvider
10:06:45.073 [FXGL Background Thread 3 ] DEBUG Engine               - class com.almasb.fxgl.ui.FXGLDialogFactoryServiceProvider
10:06:45.073 [FXGL Background Thread 3 ] DEBUG Engine               - class com.almasb.fxgl.audio.AudioPlayer
10:06:45.073 [FXGL Background Thread 3 ] DEBUG Engine               - class com.almasb.fxgl.notification.impl.NotificationServiceProvider
10:06:45.073 [FXGL Background Thread 3 ] DEBUG Engine               - class com.almasb.fxgl.achievement.AchievementService
10:06:45.073 [FXGL Background Thread 3 ] DEBUG Engine               - class com.almasb.fxgl.cutscene.CutsceneService
10:06:45.073 [FXGL Background Thread 3 ] DEBUG Engine               - class com.almasb.fxgl.minigames.MiniGameService
10:06:45.073 [FXGL Background Thread 3 ] DEBUG Engine               - class com.almasb.fxgl.net.NetService
10:06:45.073 [FXGL Background Thread 3 ] DEBUG Engine               - class com.almasb.fxgl.app.services.UpdaterService
10:06:45.073 [FXGL Background Thread 3 ] DEBUG Engine               - class com.almasb.fxgl.dev.DevService
10:06:45.652 [JavaFX Application Thread] DEBUG FXGLApplication      - Exiting FXGL
10:06:45.652 [JavaFX Application Thread] DEBUG LoopRunner           - Stopping loop
10:06:45.652 [JavaFX Application Thread] DEBUG SystemBundleService  - Saving FXGL system data
10:06:45.654 [JavaFX Application Thread] DEBUG FileSystemAccess     - Writing to: C:\Users\Lucas\IdeaProjects\ipop\system\fxgl.bundle
10:06:45.655 [JavaFX Application Thread] DEBUG Async                - Shutting down background threads
10:06:45.655 [JavaFX Application Thread] DEBUG PrimaryStageWindow   - Closing main window
10:06:45.662 [JavaFX Application Thread] DEBUG Logger               - Closing Logger
